[0.000000] (-) TimerEvent: {}
[0.000000] (robu) JobQueued: {'identifier': 'robu', 'dependencies': OrderedDict()}
[0.016000] (robu) JobStarted: {'identifier': 'robu'}
[0.110000] (-) TimerEvent: {}
[0.219000] (-) TimerEvent: {}
[0.328000] (-) TimerEvent: {}
[0.438000] (-) TimerEvent: {}
[0.547000] (-) TimerEvent: {}
[0.657000] (-) TimerEvent: {}
[0.766000] (-) TimerEvent: {}
[0.875000] (-) TimerEvent: {}
[0.985000] (-) TimerEvent: {}
[1.094000] (-) TimerEvent: {}
[1.203000] (-) TimerEvent: {}
[1.313000] (-) TimerEvent: {}
[1.407000] (robu) Command: {'cmd': ['c:\\python38\\python.exe', 'setup.py', 'develop', '--editable', '--build-directory', 'C:\\Users\\almed\\Desktop\\HTL\\4BHME\\Robotik\\ws_robu-main\\build\\robu\\build', '--no-deps', 'install_data'], 'cwd': 'C:\\Users\\almed\\Desktop\\HTL\\4BHME\\Robotik\\ws_robu-main\\build\\robu', 'env': {'ALLUSERSPROFILE': 'C:\\ProgramData', 'APPDATA': 'C:\\Users\\almed\\AppData\\Roaming', 'BR_TG_PATH': 'C:\\BrAutomation\\AsTools\\Technology Guarding', 'ChocolateyInstall': 'C:\\ProgramData\\chocolatey', 'ChocolateyLastPathUpdate': '133191581244378056', 'CHROME_CRASHPAD_PIPE_NAME': '\\\\.\\pipe\\LOCAL\\crashpad_2096_ANVDXRPOFPTZHLMF', 'COLCON': '1', 'CommonProgramFiles': 'C:\\Program Files\\Common Files', 'CommonProgramFiles(x86)': 'C:\\Program Files (x86)\\Common Files', 'CommonProgramW6432': 'C:\\Program Files\\Common Files', 'COMPUTERNAME': 'HP-ENVY-X360', 'ComSpec': 'C:\\WINDOWS\\system32\\cmd.exe', 'DriverData': 'C:\\Windows\\System32\\Drivers\\DriverData', 'HOMEDRIVE': 'C:', 'HOMEPATH': '\\Users\\almed', 'LOCALAPPDATA': 'C:\\Users\\almed\\AppData\\Local', 'LOGONSERVER': '\\\\HP-ENVY-X360', 'NUMBER_OF_PROCESSORS': '8', 'OMP_NUM_THREADS': '8', 'OneDrive': 'C:\\Users\\almed\\OneDrive', 'OnlineServices': 'Online Services', 'OpenCV_DIR': 'C:\\opencv', 'OPENSSL_CONF': 'C:\\Program Files\\OpenSSL-Win64\\bin\\openssl.cfg', 'ORIGINAL_XDG_CURRENT_DESKTOP': 'undefined', 'OS': 'Windows_NT', 'Path': 'C:\\dev\\ros2_humble\\opt\\yaml_cpp_vendor\\bin;C:\\dev\\ros2_humble\\opt\\rviz_ogre_vendor\\bin;C:\\dev\\ros2_humble\\opt\\rviz_assimp_vendor\\bin;C:\\dev\\ros2_humble\\opt\\libcurl_vendor\\bin;C:\\dev\\ros2_humble\\Scripts;C:\\dev\\ros2_humble\\bin;C:\\Python38\\Scripts\\;C:\\Python38\\;C:\\Program Files\\Common Files\\Oracle\\Java\\javapath;C:\\windows\\system32;C:\\windows;C:\\windows\\System32\\Wbem;C:\\windows\\System32\\WindowsPowerShell\\v1.0\\;C:\\windows\\System32\\OpenSSH\\;C:\\Program Files (x86)\\NVIDIA Corporation\\PhysX\\Common;C:\\Program Files\\NVIDIA Corporation\\NVIDIA NvDLISR;C:\\Program Files\\Microsoft SQL Server\\120\\Tools\\Binn\\;C:\\WINDOWS\\system32;C:\\WINDOWS;C:\\WINDOWS\\System32\\Wbem;C:\\WINDOWS\\System32\\WindowsPowerShell\\v1.0\\;C:\\WINDOWS\\System32\\OpenSSH\\;C:\\Program Files\\dotnet\\;C:\\Program Files\\WireGuard\\;C:\\ProgramData\\chocolatey\\bin;C:\\Program Files\\OpenSSL-Win64\\bin;C:\\opencv\\x64\\vc16\\bin;C:\\Program Files\\CMake\\bin;C:\\ProgramData\\chocolatey\\lib\\cunit\\lib;C:\\ProgramData\\chocolatey\\lib\\tinyxml2\\lib;C:\\ProgramData\\chocolatey\\lib\\bullet\\lib;C:\\Program Files\\Git\\cmd;C:\\Users\\almed\\AppData\\Local\\Microsoft\\WindowsApps;C:\\Program Files (x86)\\Common Files\\Hilscher GmbH\\TLRDecode;C:\\Users\\almed\\AppData\\Local\\Programs\\Microsoft VS Code\\bin', 'PATHEXT': '.COM;.EXE;.BAT;.CMD;.VBS;.VBE;.JS;.JSE;.WSF;.WSH;.MSC;.PY;.PYW', 'platformcode': 'M8', 'PROCESSOR_ARCHITECTURE': 'AMD64', 'PROCESSOR_IDENTIFIER': 'Intel64 Family 6 Model 140 Stepping 1, GenuineIntel', 'PROCESSOR_LEVEL': '6', 'PROCESSOR_REVISION': '8c01', 'ProgramData': 'C:\\ProgramData', 'ProgramFiles': 'C:\\Program Files', 'ProgramFiles(x86)': 'C:\\Program Files (x86)', 'ProgramW6432': 'C:\\Program Files', 'PSModulePath': 'C:\\Program Files\\WindowsPowerShell\\Modules;C:\\WINDOWS\\system32\\WindowsPowerShell\\v1.0\\Modules', 'PUBLIC': 'C:\\Users\\Public', 'PYTHONWARNINGS': 'ignore:::setuptools.command.install,ignore:::setuptools.command.easy_install,ignore:::pkg_resources', 'Qt5_DIR': 'C:\\Qt\\Qt5.12.12\\5.12.12\\msvc2017_64', 'QT_QPA_PLATFORM_PLUGIN_PATH': 'C:\\Qt\\Qt5.12.12\\5.12.12\\msvc2017_64\\plugins\\platforms', 'RegionCode': 'EMEA', 'SystemDrive': 'C:', 'SystemRoot': 'C:\\WINDOWS', 'TEMP': 'C:\\Users\\almed\\AppData\\Local\\Temp', 'TMP': 'C:\\Users\\almed\\AppData\\Local\\Temp', 'USERDOMAIN': 'HP-ENVY-X360', 'USERDOMAIN_ROAMINGPROFILE': 'HP-ENVY-X360', 'USERNAME': 'almed', 'USERPROFILE': 'C:\\Users\\almed', 'windir': 'C:\\WINDOWS', 'ZES_ENABLE_SYSMAN': '1', 'AMENT_PREFIX_PATH': 'c:\\Users\\almed\\Desktop\\HTL\\4BHME\\Robotik\\ws_robu-main\\install;C:\\dev\\ros2_humble', 'APPLICATION_INSIGHTS_NO_DIAGNOSTIC_CHANNEL': '1', 'CMAKE_PREFIX_PATH': 'C:\\dev\\ros2_humble', 'COLCON_PREFIX_PATH': 'c:\\Users\\almed\\Desktop\\HTL\\4BHME\\Robotik\\ws_robu-main\\install\\;C:\\dev\\ros2_humble\\', 'ELECTRON_RUN_AS_NODE': '1', 'PKG_CONFIG_PATH': 'C:\\dev\\ros2_humble\\lib\\pkgconfig', 'PROMPT': '$P$G', 'PYTHONPATH': 'C:\\Users\\almed\\Desktop\\HTL\\4BHME\\Robotik\\ws_robu-main\\build\\robu\\prefix_override;C:\\Users\\almed\\Desktop\\HTL\\4BHME\\Robotik\\ws_robu-main\\install\\Lib\\site-packages;C:\\Users\\almed\\Downloads\\ws_robu-main (1)\\ws_robu-main\\build\\robu;c:\\Users\\almed\\Desktop\\HTL\\4BHME\\Robotik\\ws_robu-main\\install\\Lib\\site-packages;C:\\ci\\ws\\install\\lib\\python3.8\\dist-packages;C:\\dev\\ros2_humble\\Lib\\site-packages', 'ROS_DISTRO': 'humble', 'ROS_LOCALHOST_ONLY': '0', 'ROS_PYTHON_VERSION': '3', 'ROS_VERSION': '2', 'VSCODE_AMD_ENTRYPOINT': 'vs/workbench/api/node/extensionHostProcess', 'VSCODE_CODE_CACHE_PATH': 'C:\\Users\\almed\\AppData\\Roaming\\Code\\CachedData\\252e5463d60e63238250799aef7375787f68b4ee', 'VSCODE_CRASH_REPORTER_PROCESS_TYPE': 'extensionHost', 'VSCODE_CWD': 'C:\\Users\\almed\\AppData\\Local\\Programs\\Microsoft VS Code', 'VSCODE_HANDLES_UNCAUGHT_ERRORS': 'true', 'VSCODE_IPC_HOOK': '\\\\.\\pipe\\6464ed325a3739ef7a64df3ca8b79477-1.78.0-main-sock', 'VSCODE_L10N_BUNDLE_LOCATION': '', 'VSCODE_NLS_CONFIG': '{"locale":"en-us","osLocale":"de-at","availableLanguages":{},"_languagePackSupport":true}', 'VSCODE_PID': '2096', 'TERM_PROGRAM': 'vscode', 'TERM_PROGRAM_VERSION': '1.78.0', 'LANG': 'en_US.UTF-8', 'COLORTERM': 'truecolor', 'GIT_ASKPASS': 'c:\\Users\\almed\\AppData\\Local\\Programs\\Microsoft VS Code\\resources\\app\\extensions\\git\\dist\\askpass.sh', 'VSCODE_GIT_ASKPASS_NODE': 'C:\\Users\\almed\\AppData\\Local\\Programs\\Microsoft VS Code\\Code.exe', 'VSCODE_GIT_ASKPASS_EXTRA_ARGS': '--ms-enable-electron-run-as-node', 'VSCODE_GIT_ASKPASS_MAIN': 'c:\\Users\\almed\\AppData\\Local\\Programs\\Microsoft VS Code\\resources\\app\\extensions\\git\\dist\\askpass-main.js', 'VSCODE_GIT_IPC_HANDLE': '\\\\.\\pipe\\vscode-git-22b85d1ef7-sock'}, 'shell': False}
[1.422000] (-) TimerEvent: {}
[1.532000] (-) TimerEvent: {}
[1.641000] (-) TimerEvent: {}
[1.750000] (-) TimerEvent: {}
[1.860000] (-) TimerEvent: {}
[1.891000] (robu) StdoutLine: {'line': b'running develop\r\n'}
[1.969000] (-) TimerEvent: {}
[2.078000] (-) TimerEvent: {}
[2.172000] (robu) StdoutLine: {'line': b'running egg_info\r\n'}
[2.188000] (-) TimerEvent: {}
[2.188000] (robu) StdoutLine: {'line': b'writing robu.egg-info\\PKG-INFO\r\n'}
[2.188000] (robu) StdoutLine: {'line': b'writing dependency_links to robu.egg-info\\dependency_links.txt\r\n'}
[2.188000] (robu) StdoutLine: {'line': b'writing entry points to robu.egg-info\\entry_points.txt\r\n'}
[2.188000] (robu) StdoutLine: {'line': b'writing requirements to robu.egg-info\\requires.txt\r\n'}
[2.188000] (robu) StdoutLine: {'line': b'writing top-level names to robu.egg-info\\top_level.txt\r\n'}
[2.188000] (robu) StdoutLine: {'line': b"reading manifest file 'robu.egg-info\\SOURCES.txt'\r\n"}
[2.203000] (robu) StdoutLine: {'line': b"writing manifest file 'robu.egg-info\\SOURCES.txt'\r\n"}
[2.203000] (robu) StdoutLine: {'line': b'running build_ext\r\n'}
[2.203000] (robu) StdoutLine: {'line': b'Creating C:\\Users\\almed\\Desktop\\HTL\\4BHME\\Robotik\\ws_robu-main\\install\\Lib\\site-packages\\robu.egg-link (link to .)\r\n'}
[2.203000] (robu) StdoutLine: {'line': b'Installing camera-script.py script to C:\\Users\\almed\\Desktop\\HTL\\4BHME\\Robotik\\ws_robu-main\\install/lib/robu\r\n'}
[2.203000] (robu) StdoutLine: {'line': b'Installing camera.exe script to C:\\Users\\almed\\Desktop\\HTL\\4BHME\\Robotik\\ws_robu-main\\install/lib/robu\r\n'}
[2.219000] (robu) StdoutLine: {'line': b'Installing hellorobu-script.py script to C:\\Users\\almed\\Desktop\\HTL\\4BHME\\Robotik\\ws_robu-main\\install/lib/robu\r\n'}
[2.219000] (robu) StdoutLine: {'line': b'Installing hellorobu.exe script to C:\\Users\\almed\\Desktop\\HTL\\4BHME\\Robotik\\ws_robu-main\\install/lib/robu\r\n'}
[2.219000] (robu) StdoutLine: {'line': b'Installing oas-script.py script to C:\\Users\\almed\\Desktop\\HTL\\4BHME\\Robotik\\ws_robu-main\\install/lib/robu\r\n'}
[2.219000] (robu) StdoutLine: {'line': b'Installing oas.exe script to C:\\Users\\almed\\Desktop\\HTL\\4BHME\\Robotik\\ws_robu-main\\install/lib/robu\r\n'}
[2.219000] (robu) StdoutLine: {'line': b'Installing remotectrl-script.py script to C:\\Users\\almed\\Desktop\\HTL\\4BHME\\Robotik\\ws_robu-main\\install/lib/robu\r\n'}
[2.219000] (robu) StdoutLine: {'line': b'Installing remotectrl.exe script to C:\\Users\\almed\\Desktop\\HTL\\4BHME\\Robotik\\ws_robu-main\\install/lib/robu\r\n'}
[2.219000] (robu) StdoutLine: {'line': b'Installing remotectrl_listener-script.py script to C:\\Users\\almed\\Desktop\\HTL\\4BHME\\Robotik\\ws_robu-main\\install/lib/robu\r\n'}
[2.219000] (robu) StdoutLine: {'line': b'Installing remotectrl_listener.exe script to C:\\Users\\almed\\Desktop\\HTL\\4BHME\\Robotik\\ws_robu-main\\install/lib/robu\r\n'}
[2.219000] (robu) StdoutLine: {'line': b'Installing wiimotectrl-script.py script to C:\\Users\\almed\\Desktop\\HTL\\4BHME\\Robotik\\ws_robu-main\\install/lib/robu\r\n'}
[2.219000] (robu) StdoutLine: {'line': b'Installing wiimotectrl.exe script to C:\\Users\\almed\\Desktop\\HTL\\4BHME\\Robotik\\ws_robu-main\\install/lib/robu\r\n'}
[2.235000] (robu) StdoutLine: {'line': b'\r\n'}
[2.235000] (robu) StdoutLine: {'line': b'Installed c:\\users\\almed\\desktop\\htl\\4bhme\\robotik\\ws_robu-main\\build\\robu\r\n'}
[2.235000] (robu) StdoutLine: {'line': b'running install_data\r\n'}
[2.235000] (robu) StdoutLine: {'line': b'copying launch\\ex05_mapping_rm_launch.py -> C:\\Users\\almed\\Desktop\\HTL\\4BHME\\Robotik\\ws_robu-main\\install\\share\\robu\r\n'}
[2.250000] (robu) StdoutLine: {'line': b'copying config\\turtlebot3_lds_2d.lua -> C:\\Users\\almed\\Desktop\\HTL\\4BHME\\Robotik\\ws_robu-main\\install\\share\\robu\\config\r\n'}
[2.282000] (robu) CommandEnded: {'returncode': 0}
[2.297000] (-) TimerEvent: {}
[2.328000] (robu) JobEnded: {'identifier': 'robu', 'rc': 0}
[2.328000] (-) EventReactorShutdown: {}
