running develop
running egg_info
writing robu.egg-info\PKG-INFO
writing dependency_links to robu.egg-info\dependency_links.txt
writing entry points to robu.egg-info\entry_points.txt
writing requirements to robu.egg-info\requires.txt
writing top-level names to robu.egg-info\top_level.txt
reading manifest file 'robu.egg-info\SOURCES.txt'
writing manifest file 'robu.egg-info\SOURCES.txt'
running build_ext
Creating C:\Users\almed\Desktop\HTL\4BHME\Robotik\ws_robu-main\install\Lib\site-packages\robu.egg-link (link to .)
Installing camera-script.py script to C:\Users\almed\Desktop\HTL\4BHME\Robotik\ws_robu-main\install/lib/robu
Installing camera.exe script to C:\Users\almed\Desktop\HTL\4BHME\Robotik\ws_robu-main\install/lib/robu
Installing hellorobu-script.py script to C:\Users\almed\Desktop\HTL\4BHME\Robotik\ws_robu-main\install/lib/robu
Installing hellorobu.exe script to C:\Users\almed\Desktop\HTL\4BHME\Robotik\ws_robu-main\install/lib/robu
Installing oas-script.py script to C:\Users\almed\Desktop\HTL\4BHME\Robotik\ws_robu-main\install/lib/robu
Installing oas.exe script to C:\Users\almed\Desktop\HTL\4BHME\Robotik\ws_robu-main\install/lib/robu
Installing remotectrl-script.py script to C:\Users\almed\Desktop\HTL\4BHME\Robotik\ws_robu-main\install/lib/robu
Installing remotectrl.exe script to C:\Users\almed\Desktop\HTL\4BHME\Robotik\ws_robu-main\install/lib/robu
Installing remotectrl_listener-script.py script to C:\Users\almed\Desktop\HTL\4BHME\Robotik\ws_robu-main\install/lib/robu
Installing remotectrl_listener.exe script to C:\Users\almed\Desktop\HTL\4BHME\Robotik\ws_robu-main\install/lib/robu
Installing wiimotectrl-script.py script to C:\Users\almed\Desktop\HTL\4BHME\Robotik\ws_robu-main\install/lib/robu
Installing wiimotectrl.exe script to C:\Users\almed\Desktop\HTL\4BHME\Robotik\ws_robu-main\install/lib/robu

Installed c:\users\almed\desktop\htl\4bhme\robotik\ws_robu-main\build\robu
running install_data
copying resource\robu -> C:\Users\almed\Desktop\HTL\4BHME\Robotik\ws_robu-main\install\share\ament_index\resource_index\packages
copying package.xml -> C:\Users\almed\Desktop\HTL\4BHME\Robotik\ws_robu-main\install\share\robu
copying launch\cartographer.launch.py -> C:\Users\almed\Desktop\HTL\4BHME\Robotik\ws_robu-main\install\share\robu
copying launch\dod_nb_v1_launch.py -> C:\Users\almed\Desktop\HTL\4BHME\Robotik\ws_robu-main\install\share\robu
copying launch\dod_nb_v2_launch.py -> C:\Users\almed\Desktop\HTL\4BHME\Robotik\ws_robu-main\install\share\robu
copying launch\dod_nb_v3_launch.py -> C:\Users\almed\Desktop\HTL\4BHME\Robotik\ws_robu-main\install\share\robu
copying launch\dod_tb_v1_launch.py -> C:\Users\almed\Desktop\HTL\4BHME\Robotik\ws_robu-main\install\share\robu
copying launch\dod_tb_v2_launch.py -> C:\Users\almed\Desktop\HTL\4BHME\Robotik\ws_robu-main\install\share\robu
copying launch\dod_tb_v3_launch.py -> C:\Users\almed\Desktop\HTL\4BHME\Robotik\ws_robu-main\install\share\robu
copying launch\ex04_obstacle_avoidance_simple_launch.py -> C:\Users\almed\Desktop\HTL\4BHME\Robotik\ws_robu-main\install\share\robu
copying launch\ex05_mapping_rm_launch.py -> C:\Users\almed\Desktop\HTL\4BHME\Robotik\ws_robu-main\install\share\robu
copying launch\ex05_mapping_tb_launch.py -> C:\Users\almed\Desktop\HTL\4BHME\Robotik\ws_robu-main\install\share\robu
copying launch\occupancy_grid.launch.py -> C:\Users\almed\Desktop\HTL\4BHME\Robotik\ws_robu-main\install\share\robu
copying rviz\tb3_cartographer.rviz -> C:\Users\almed\Desktop\HTL\4BHME\Robotik\ws_robu-main\install\share\robu\rviz
copying config\turtlebot3_lds_2d.lua -> C:\Users\almed\Desktop\HTL\4BHME\Robotik\ws_robu-main\install\share\robu\config
