[0.000000] (-) TimerEvent: {}
[0.000000] (robu) JobQueued: {'identifier': 'robu', 'dependencies': OrderedDict()}
[0.000000] (robu) JobStarted: {'identifier': 'robu'}
[0.094000] (-) TimerEvent: {}
[0.203000] (-) TimerEvent: {}
[0.313000] (-) TimerEvent: {}
[0.422000] (-) TimerEvent: {}
[0.532000] (-) TimerEvent: {}
[0.641000] (-) TimerEvent: {}
[0.750000] (-) TimerEvent: {}
[0.860000] (-) TimerEvent: {}
[0.969000] (-) TimerEvent: {}
[1.078000] (-) TimerEvent: {}
[1.203000] (-) TimerEvent: {}
[1.313000] (-) TimerEvent: {}
[1.422000] (-) TimerEvent: {}
[1.532000] (-) TimerEvent: {}
[1.641000] (-) TimerEvent: {}
[1.750000] (-) TimerEvent: {}
[1.860000] (-) TimerEvent: {}
[1.969000] (-) TimerEvent: {}
[2.078000] (-) TimerEvent: {}
[2.172000] (robu) StderrLine: {'line': b'Traceback (most recent call last):\n  File "c:\\python38\\lib\\site-packages\\colcon_core\\executor\\__init__.py", line 91, in __call__\n    rc = await self.task(*args, **kwargs)\n  File "c:\\python38\\lib\\site-packages\\colcon_core\\task\\__init__.py", line 93, in __call__\n    return await task_method(*args, **kwargs)\n  File "c:\\python38\\lib\\site-packages\\colcon_ros\\task\\ament_python\\build.py", line 105, in build\n    return await extension.build(additional_hooks=additional_hooks)\n  File "c:\\python38\\lib\\site-packages\\colcon_core\\task\\python\\build.py", line 124, in build\n    temp_symlinks = self._symlinks_in_build(args, setup_py_data)\n  File "c:\\python38\\lib\\site-packages\\colcon_core\\task\\python\\build.py", line 322, in _symlinks_in_build\n    os.symlink(src, dst)\nOSError: [WinError 1314] Dem Client fehlt ein erforderliches Recht: \'C:\\\\Users\\\\almed\\\\Downloads\\\\ws_robu-main (2)\\\\ws_robu-main\\\\src\\\\robu\\\\setup.py\' -> \'C:\\\\Users\\\\almed\\\\Downloads\\\\ws_robu-main (2)\\\\ws_robu-main\\\\build\\\\robu\\\\setup.py\'\n'}
[2.188000] (-) TimerEvent: {}
[2.188000] (robu) JobEnded: {'identifier': 'robu', 'rc': 1}
[2.203000] (-) EventReactorShutdown: {}
