[2.000s] Invoking command in 'C:\Users\almed\Desktop\HTL\4BHME\Robotik\ws_robu-main\build\robu': PYTHONPATH=C:\Users\almed\Desktop\HTL\4BHME\Robotik\ws_robu-main\build\robu\prefix_override;C:\Users\almed\Desktop\HTL\4BHME\Robotik\ws_robu-main\install\Lib\site-packages;%PYTHONPATH% c:\python38\python.exe setup.py develop --editable --build-directory C:\Users\almed\Desktop\HTL\4BHME\Robotik\ws_robu-main\build\robu\build --no-deps install_data
[2.640s] running develop
[2.984s] running egg_info
[2.984s] writing robu.egg-info\PKG-INFO
[3.000s] writing dependency_links to robu.egg-info\dependency_links.txt
[3.000s] writing entry points to robu.egg-info\entry_points.txt
[3.000s] writing requirements to robu.egg-info\requires.txt
[3.000s] writing top-level names to robu.egg-info\top_level.txt
[3.000s] reading manifest file 'robu.egg-info\SOURCES.txt'
[3.015s] writing manifest file 'robu.egg-info\SOURCES.txt'
[3.015s] running build_ext
[3.031s] Creating C:\Users\almed\Desktop\HTL\4BHME\Robotik\ws_robu-main\install\Lib\site-packages\robu.egg-link (link to .)
[3.031s] Installing camera-script.py script to C:\Users\almed\Desktop\HTL\4BHME\Robotik\ws_robu-main\install/lib/robu
[3.031s] Installing camera.exe script to C:\Users\almed\Desktop\HTL\4BHME\Robotik\ws_robu-main\install/lib/robu
[3.031s] Installing hellorobu-script.py script to C:\Users\almed\Desktop\HTL\4BHME\Robotik\ws_robu-main\install/lib/robu
[3.047s] Installing hellorobu.exe script to C:\Users\almed\Desktop\HTL\4BHME\Robotik\ws_robu-main\install/lib/robu
[3.047s] Installing oas-script.py script to C:\Users\almed\Desktop\HTL\4BHME\Robotik\ws_robu-main\install/lib/robu
[3.047s] Installing oas.exe script to C:\Users\almed\Desktop\HTL\4BHME\Robotik\ws_robu-main\install/lib/robu
[3.047s] Installing remotectrl-script.py script to C:\Users\almed\Desktop\HTL\4BHME\Robotik\ws_robu-main\install/lib/robu
[3.047s] Installing remotectrl.exe script to C:\Users\almed\Desktop\HTL\4BHME\Robotik\ws_robu-main\install/lib/robu
[3.047s] Installing remotectrl_listener-script.py script to C:\Users\almed\Desktop\HTL\4BHME\Robotik\ws_robu-main\install/lib/robu
[3.047s] Installing remotectrl_listener.exe script to C:\Users\almed\Desktop\HTL\4BHME\Robotik\ws_robu-main\install/lib/robu
[3.047s] Installing wiimotectrl-script.py script to C:\Users\almed\Desktop\HTL\4BHME\Robotik\ws_robu-main\install/lib/robu
[3.047s] Installing wiimotectrl.exe script to C:\Users\almed\Desktop\HTL\4BHME\Robotik\ws_robu-main\install/lib/robu
[3.062s] 
[3.062s] Installed c:\users\almed\desktop\htl\4bhme\robotik\ws_robu-main\build\robu
[3.062s] running install_data
[3.093s] Invoked command in 'C:\Users\almed\Desktop\HTL\4BHME\Robotik\ws_robu-main\build\robu' returned '0': PYTHONPATH=C:\Users\almed\Desktop\HTL\4BHME\Robotik\ws_robu-main\build\robu\prefix_override;C:\Users\almed\Desktop\HTL\4BHME\Robotik\ws_robu-main\install\Lib\site-packages;%PYTHONPATH% c:\python38\python.exe setup.py develop --editable --build-directory C:\Users\almed\Desktop\HTL\4BHME\Robotik\ws_robu-main\build\robu\build --no-deps install_data
