running develop
running egg_info
writing robu.egg-info\PKG-INFO
writing dependency_links to robu.egg-info\dependency_links.txt
writing entry points to robu.egg-info\entry_points.txt
writing requirements to robu.egg-info\requires.txt
writing top-level names to robu.egg-info\top_level.txt
reading manifest file 'robu.egg-info\SOURCES.txt'
writing manifest file 'robu.egg-info\SOURCES.txt'
running build_ext
Creating C:\Users\almed\Downloads\ws_robu-main (1)\ws_robu-main\install\Lib\site-packages\robu.egg-link (link to .)
Installing camera-script.py script to C:\Users\almed\Downloads\ws_robu-main (1)\ws_robu-main\install/lib/robu
Installing camera.exe script to C:\Users\almed\Downloads\ws_robu-main (1)\ws_robu-main\install/lib/robu
Installing hellorobu-script.py script to C:\Users\almed\Downloads\ws_robu-main (1)\ws_robu-main\install/lib/robu
Installing hellorobu.exe script to C:\Users\almed\Downloads\ws_robu-main (1)\ws_robu-main\install/lib/robu
Installing oas-script.py script to C:\Users\almed\Downloads\ws_robu-main (1)\ws_robu-main\install/lib/robu
Installing oas.exe script to C:\Users\almed\Downloads\ws_robu-main (1)\ws_robu-main\install/lib/robu
Installing remotectrl-script.py script to C:\Users\almed\Downloads\ws_robu-main (1)\ws_robu-main\install/lib/robu
Installing remotectrl.exe script to C:\Users\almed\Downloads\ws_robu-main (1)\ws_robu-main\install/lib/robu
Installing remotectrl_listener-script.py script to C:\Users\almed\Downloads\ws_robu-main (1)\ws_robu-main\install/lib/robu
Installing remotectrl_listener.exe script to C:\Users\almed\Downloads\ws_robu-main (1)\ws_robu-main\install/lib/robu
Installing wiimotectrl-script.py script to C:\Users\almed\Downloads\ws_robu-main (1)\ws_robu-main\install/lib/robu
Installing wiimotectrl.exe script to C:\Users\almed\Downloads\ws_robu-main (1)\ws_robu-main\install/lib/robu

Installed c:\users\almed\downloads\ws_robu-main (1)\ws_robu-main\build\robu
running install_data
copying launch\ex04_obstacle_avoidance_simple_launch.py -> C:\Users\almed\Downloads\ws_robu-main (1)\ws_robu-main\install\share\robu
