[4.383s] [34mcolcon[0m [1;30mDEBUG[0m [32mCommand line arguments: ['C:\\Python38\\Scripts\\colcon', 'build', '--symlink-install', '--merge-install', '--packages-select', 'robu'][0m
[4.383s] [34mcolcon[0m [1;30mDEBUG[0m [32mParsed command line arguments: Namespace(ament_cmake_args=None, base_paths=['.'], build_base='build', catkin_cmake_args=None, catkin_skip_building_tests=False, cmake_args=None, cmake_clean_cache=False, cmake_clean_first=False, cmake_force_configure=False, cmake_target=None, cmake_target_skip_unavailable=False, continue_on_error=False, event_handlers=None, executor='parallel', ignore_user_meta=False, install_base='install', log_base=None, log_level=None, main=<bound method BuildVerb.main of <colcon_core.verb.build.BuildVerb object at 0x0000026B718B9700>>, merge_install=True, metas=['./colcon.meta'], packages_above=None, packages_above_and_dependencies=None, packages_above_depth=None, packages_end=None, packages_ignore=None, packages_ignore_regex=None, packages_select=['robu'], packages_select_build_failed=False, packages_select_by_dep=None, packages_select_regex=None, packages_select_test_failures=False, packages_skip=None, packages_skip_build_finished=False, packages_skip_by_dep=None, packages_skip_regex=None, packages_skip_test_passed=False, packages_skip_up_to=None, packages_start=None, packages_up_to=None, packages_up_to_regex=None, parallel_workers=8, paths=None, symlink_install=True, test_result_base=None, verb_extension=<colcon_core.verb.build.BuildVerb object at 0x0000026B718B9700>, verb_name='build', verb_parser=<colcon_defaults.argument_parser.defaults.DefaultArgumentsDecorator object at 0x0000026B719CE130>)[0m
[4.489s] [34mcolcon.colcon_core.package_discovery[0m [1;30mLevel 1[0m discover_packages(colcon_meta) check parameters
[4.490s] [34mcolcon.colcon_core.package_discovery[0m [1;30mLevel 1[0m discover_packages(recursive) check parameters
[4.490s] [34mcolcon.colcon_core.package_discovery[0m [1;30mLevel 1[0m discover_packages(ignore) check parameters
[4.490s] [34mcolcon.colcon_core.package_discovery[0m [1;30mLevel 1[0m discover_packages(path) check parameters
[4.490s] [34mcolcon.colcon_core.package_discovery[0m [1;30mLevel 1[0m discover_packages(colcon_meta) discover
[4.490s] [34mcolcon.colcon_core.package_discovery[0m [1;30mLevel 1[0m discover_packages(recursive) discover
[4.490s] [34mcolcon.colcon_core.package_discovery[0m [1;30mINFO[0m Crawling recursively for packages in 'C:\Users\almed\Desktop\HTL\4BHME\Robotik\ws_robu-main'
[4.491s] [34mcolcon.colcon_core.package_identification[0m [1;30mLevel 1[0m _identify(.) by extensions ['ignore', 'ignore_ament_install']
[4.491s] [34mcolcon.colcon_core.package_identification[0m [1;30mLevel 1[0m _identify(.) by extension 'ignore'
[4.491s] [34mcolcon.colcon_core.package_identification[0m [1;30mLevel 1[0m _identify(.) by extension 'ignore_ament_install'
[4.491s] [34mcolcon.colcon_core.package_identification[0m [1;30mLevel 1[0m _identify(.) by extensions ['colcon_pkg']
[4.491s] [34mcolcon.colcon_core.package_identification[0m [1;30mLevel 1[0m _identify(.) by extension 'colcon_pkg'
[4.491s] [34mcolcon.colcon_core.package_identification[0m [1;30mLevel 1[0m _identify(.) by extensions ['colcon_meta']
[4.491s] [34mcolcon.colcon_core.package_identification[0m [1;30mLevel 1[0m _identify(.) by extension 'colcon_meta'
[4.491s] [34mcolcon.colcon_core.package_identification[0m [1;30mLevel 1[0m _identify(.) by extensions ['ros']
[4.491s] [34mcolcon.colcon_core.package_identification[0m [1;30mLevel 1[0m _identify(.) by extension 'ros'
[4.514s] [34mcolcon.colcon_core.package_identification[0m [1;30mLevel 1[0m _identify(.) by extensions ['cmake', 'python']
[4.514s] [34mcolcon.colcon_core.package_identification[0m [1;30mLevel 1[0m _identify(.) by extension 'cmake'
[4.514s] [34mcolcon.colcon_core.package_identification[0m [1;30mLevel 1[0m _identify(.) by extension 'python'
[4.514s] [34mcolcon.colcon_core.package_identification[0m [1;30mLevel 1[0m _identify(.) by extensions ['python_setup_py']
[4.514s] [34mcolcon.colcon_core.package_identification[0m [1;30mLevel 1[0m _identify(.) by extension 'python_setup_py'
[4.515s] [34mcolcon.colcon_core.package_identification[0m [1;30mLevel 1[0m _identify(build) by extensions ['ignore', 'ignore_ament_install']
[4.515s] [34mcolcon.colcon_core.package_identification[0m [1;30mLevel 1[0m _identify(build) by extension 'ignore'
[4.515s] [34mcolcon.colcon_core.package_identification[0m [1;30mLevel 1[0m _identify(build) ignored
[4.515s] [34mcolcon.colcon_core.package_identification[0m [1;30mLevel 1[0m _identify(install) by extensions ['ignore', 'ignore_ament_install']
[4.515s] [34mcolcon.colcon_core.package_identification[0m [1;30mLevel 1[0m _identify(install) by extension 'ignore'
[4.515s] [34mcolcon.colcon_core.package_identification[0m [1;30mLevel 1[0m _identify(install) ignored
[4.516s] [34mcolcon.colcon_core.package_identification[0m [1;30mLevel 1[0m _identify(log) by extensions ['ignore', 'ignore_ament_install']
[4.516s] [34mcolcon.colcon_core.package_identification[0m [1;30mLevel 1[0m _identify(log) by extension 'ignore'
[4.516s] [34mcolcon.colcon_core.package_identification[0m [1;30mLevel 1[0m _identify(log) ignored
[4.516s] [34mcolcon.colcon_core.package_identification[0m [1;30mLevel 1[0m _identify(src) by extensions ['ignore', 'ignore_ament_install']
[4.516s] [34mcolcon.colcon_core.package_identification[0m [1;30mLevel 1[0m _identify(src) by extension 'ignore'
[4.516s] [34mcolcon.colcon_core.package_identification[0m [1;30mLevel 1[0m _identify(src) by extension 'ignore_ament_install'
[4.516s] [34mcolcon.colcon_core.package_identification[0m [1;30mLevel 1[0m _identify(src) by extensions ['colcon_pkg']
[4.516s] [34mcolcon.colcon_core.package_identification[0m [1;30mLevel 1[0m _identify(src) by extension 'colcon_pkg'
[4.516s] [34mcolcon.colcon_core.package_identification[0m [1;30mLevel 1[0m _identify(src) by extensions ['colcon_meta']
[4.516s] [34mcolcon.colcon_core.package_identification[0m [1;30mLevel 1[0m _identify(src) by extension 'colcon_meta'
[4.516s] [34mcolcon.colcon_core.package_identification[0m [1;30mLevel 1[0m _identify(src) by extensions ['ros']
[4.516s] [34mcolcon.colcon_core.package_identification[0m [1;30mLevel 1[0m _identify(src) by extension 'ros'
[4.517s] [34mcolcon.colcon_core.package_identification[0m [1;30mLevel 1[0m _identify(src) by extensions ['cmake', 'python']
[4.517s] [34mcolcon.colcon_core.package_identification[0m [1;30mLevel 1[0m _identify(src) by extension 'cmake'
[4.517s] [34mcolcon.colcon_core.package_identification[0m [1;30mLevel 1[0m _identify(src) by extension 'python'
[4.517s] [34mcolcon.colcon_core.package_identification[0m [1;30mLevel 1[0m _identify(src) by extensions ['python_setup_py']
[4.517s] [34mcolcon.colcon_core.package_identification[0m [1;30mLevel 1[0m _identify(src) by extension 'python_setup_py'
[4.518s] [34mcolcon.colcon_core.package_identification[0m [1;30mLevel 1[0m _identify(src\robu) by extensions ['ignore', 'ignore_ament_install']
[4.518s] [34mcolcon.colcon_core.package_identification[0m [1;30mLevel 1[0m _identify(src\robu) by extension 'ignore'
[4.518s] [34mcolcon.colcon_core.package_identification[0m [1;30mLevel 1[0m _identify(src\robu) by extension 'ignore_ament_install'
[4.518s] [34mcolcon.colcon_core.package_identification[0m [1;30mLevel 1[0m _identify(src\robu) by extensions ['colcon_pkg']
[4.518s] [34mcolcon.colcon_core.package_identification[0m [1;30mLevel 1[0m _identify(src\robu) by extension 'colcon_pkg'
[4.518s] [34mcolcon.colcon_core.package_identification[0m [1;30mLevel 1[0m _identify(src\robu) by extensions ['colcon_meta']
[4.518s] [34mcolcon.colcon_core.package_identification[0m [1;30mLevel 1[0m _identify(src\robu) by extension 'colcon_meta'
[4.518s] [34mcolcon.colcon_core.package_identification[0m [1;30mLevel 1[0m _identify(src\robu) by extensions ['ros']
[4.518s] [34mcolcon.colcon_core.package_identification[0m [1;30mLevel 1[0m _identify(src\robu) by extension 'ros'
[4.525s] [34mcolcon.colcon_core.package_identification[0m [1;30mDEBUG[0m [32mPackage 'src\robu' with type 'ros.ament_python' and name 'robu'[0m
[4.525s] [34mcolcon.colcon_core.package_discovery[0m [1;30mLevel 1[0m discover_packages(recursive) using defaults
[4.525s] [34mcolcon.colcon_core.package_discovery[0m [1;30mLevel 1[0m discover_packages(ignore) discover
[4.525s] [34mcolcon.colcon_core.package_discovery[0m [1;30mLevel 1[0m discover_packages(ignore) using defaults
[4.525s] [34mcolcon.colcon_core.package_discovery[0m [1;30mLevel 1[0m discover_packages(path) discover
[4.525s] [34mcolcon.colcon_core.package_discovery[0m [1;30mLevel 1[0m discover_packages(path) using defaults
[4.592s] [34mcolcon.colcon_core.verb[0m [1;30mLevel 5[0m set package 'robu' build argument 'cmake_args' from command line to 'None'
[4.593s] [34mcolcon.colcon_core.verb[0m [1;30mLevel 5[0m set package 'robu' build argument 'cmake_target' from command line to 'None'
[4.593s] [34mcolcon.colcon_core.verb[0m [1;30mLevel 5[0m set package 'robu' build argument 'cmake_target_skip_unavailable' from command line to 'False'
[4.593s] [34mcolcon.colcon_core.verb[0m [1;30mLevel 5[0m set package 'robu' build argument 'cmake_clean_cache' from command line to 'False'
[4.593s] [34mcolcon.colcon_core.verb[0m [1;30mLevel 5[0m set package 'robu' build argument 'cmake_clean_first' from command line to 'False'
[4.593s] [34mcolcon.colcon_core.verb[0m [1;30mLevel 5[0m set package 'robu' build argument 'cmake_force_configure' from command line to 'False'
[4.593s] [34mcolcon.colcon_core.verb[0m [1;30mLevel 5[0m set package 'robu' build argument 'ament_cmake_args' from command line to 'None'
[4.593s] [34mcolcon.colcon_core.verb[0m [1;30mLevel 5[0m set package 'robu' build argument 'catkin_cmake_args' from command line to 'None'
[4.593s] [34mcolcon.colcon_core.verb[0m [1;30mLevel 5[0m set package 'robu' build argument 'catkin_skip_building_tests' from command line to 'False'
[4.593s] [34mcolcon.colcon_core.verb[0m [1;30mDEBUG[0m [32mBuilding package 'robu' with the following arguments: {'ament_cmake_args': None, 'build_base': 'C:\\Users\\almed\\Desktop\\HTL\\4BHME\\Robotik\\ws_robu-main\\build\\robu', 'catkin_cmake_args': None, 'catkin_skip_building_tests': False, 'cmake_args': None, 'cmake_clean_cache': False, 'cmake_clean_first': False, 'cmake_force_configure': False, 'cmake_target': None, 'cmake_target_skip_unavailable': False, 'install_base': 'C:\\Users\\almed\\Desktop\\HTL\\4BHME\\Robotik\\ws_robu-main\\install', 'merge_install': True, 'path': 'C:\\Users\\almed\\Desktop\\HTL\\4BHME\\Robotik\\ws_robu-main\\src\\robu', 'symlink_install': True, 'test_result_base': None}[0m
[4.595s] [34mcolcon.colcon_core.executor[0m [1;30mINFO[0m Executing jobs using 'parallel' executor
[4.626s] [34mcolcon.colcon_parallel_executor.executor.parallel[0m [1;30mDEBUG[0m [32mrun_until_complete[0m
[4.627s] [34mcolcon.colcon_ros.task.ament_python.build[0m [1;30mINFO[0m Building ROS package in 'C:\Users\almed\Desktop\HTL\4BHME\Robotik\ws_robu-main\src\robu' with build type 'ament_python'
[4.627s] [34mcolcon.colcon_core.shell[0m [1;30mLevel 1[0m create_environment_hook('robu', 'ament_prefix_path')
[4.637s] [34mcolcon.colcon_core.plugin_system[0m [1;30mINFO[0m Skipping extension 'colcon_core.shell.sh': Not used on Windows systems
[4.637s] [34mcolcon.colcon_core.shell[0m [1;30mINFO[0m Creating environment hook 'C:\Users\almed\Desktop\HTL\4BHME\Robotik\ws_robu-main\install\share\robu\hook\ament_prefix_path.ps1'
[4.645s] [34mcolcon.colcon_core.shell[0m [1;30mINFO[0m Creating environment hook 'C:\Users\almed\Desktop\HTL\4BHME\Robotik\ws_robu-main\install\share\robu\hook\ament_prefix_path.bat'
[4.663s] [34mcolcon.colcon_core.shell[0m [1;30mINFO[0m Creating environment descriptor 'C:\Users\almed\Desktop\HTL\4BHME\Robotik\ws_robu-main\install\share\robu\hook\ament_prefix_path.dsv'
[4.677s] [34mcolcon.colcon_core.shell[0m [1;30mINFO[0m Skip shell extension 'powershell' for command environment: Not usable outside of PowerShell
[5.574s] [34mcolcon.colcon_core.task.python.build[0m [1;30mINFO[0m Building Python package in 'C:\Users\almed\Desktop\HTL\4BHME\Robotik\ws_robu-main\src\robu'
[5.578s] [34mcolcon.colcon_core.shell[0m [1;30mINFO[0m Skip shell extension 'powershell' for command environment: Not usable outside of PowerShell
[6.551s] [34mcolcon.colcon_core.event_handler.log_command[0m [1;30mDEBUG[0m [32mInvoking command in 'C:\Users\almed\Desktop\HTL\4BHME\Robotik\ws_robu-main\build\robu': PYTHONPATH=C:\Users\almed\Desktop\HTL\4BHME\Robotik\ws_robu-main\build\robu\prefix_override;C:\Users\almed\Desktop\HTL\4BHME\Robotik\ws_robu-main\install\Lib\site-packages;%PYTHONPATH% c:\python38\python.exe setup.py develop --editable --build-directory C:\Users\almed\Desktop\HTL\4BHME\Robotik\ws_robu-main\build\robu\build --no-deps install_data[0m
[7.530s] [34mcolcon.colcon_core.shell[0m [1;30mLevel 1[0m create_environment_hook('robu', 'pythonpath_develop')
[7.534s] [34mcolcon.colcon_core.shell[0m [1;30mINFO[0m Creating environment hook 'C:\Users\almed\Desktop\HTL\4BHME\Robotik\ws_robu-main\build\robu\share\robu\hook\pythonpath_develop.ps1'
[7.537s] [34mcolcon.colcon_core.event_handler.log_command[0m [1;30mDEBUG[0m [32mInvoked command in 'C:\Users\almed\Desktop\HTL\4BHME\Robotik\ws_robu-main\build\robu' returned '0': PYTHONPATH=C:\Users\almed\Desktop\HTL\4BHME\Robotik\ws_robu-main\build\robu\prefix_override;C:\Users\almed\Desktop\HTL\4BHME\Robotik\ws_robu-main\install\Lib\site-packages;%PYTHONPATH% c:\python38\python.exe setup.py develop --editable --build-directory C:\Users\almed\Desktop\HTL\4BHME\Robotik\ws_robu-main\build\robu\build --no-deps install_data[0m
[7.539s] [34mcolcon.colcon_core.shell[0m [1;30mINFO[0m Creating environment hook 'C:\Users\almed\Desktop\HTL\4BHME\Robotik\ws_robu-main\build\robu\share\robu\hook\pythonpath_develop.bat'
[7.540s] [34mcolcon.colcon_core.shell[0m [1;30mINFO[0m Creating environment descriptor 'C:\Users\almed\Desktop\HTL\4BHME\Robotik\ws_robu-main\build\robu\share\robu\hook\pythonpath_develop.dsv'
[7.567s] [34mcolcon.colcon_core.environment[0m [1;30mLevel 1[0m checking 'C:\Users\almed\Desktop\HTL\4BHME\Robotik\ws_robu-main\install' for CMake module files
[7.570s] [34mcolcon.colcon_core.environment[0m [1;30mLevel 1[0m checking 'C:\Users\almed\Desktop\HTL\4BHME\Robotik\ws_robu-main\install' for CMake config files
[7.572s] [34mcolcon.colcon_core.environment[0m [1;30mLevel 1[0m checking 'C:\Users\almed\Desktop\HTL\4BHME\Robotik\ws_robu-main\install\bin'
[7.572s] [34mcolcon.colcon_core.environment[0m [1;30mLevel 1[0m checking 'C:\Users\almed\Desktop\HTL\4BHME\Robotik\ws_robu-main\install\bin'
[7.572s] [34mcolcon.colcon_core.environment[0m [1;30mLevel 1[0m checking 'C:\Users\almed\Desktop\HTL\4BHME\Robotik\ws_robu-main\install\lib\pkgconfig\robu.pc'
[7.572s] [34mcolcon.colcon_core.environment[0m [1;30mLevel 1[0m checking 'C:\Users\almed\Desktop\HTL\4BHME\Robotik\ws_robu-main\install\Lib\site-packages'
[7.572s] [34mcolcon.colcon_core.shell[0m [1;30mLevel 1[0m create_environment_hook('robu', 'pythonpath')
[7.577s] [34mcolcon.colcon_core.shell[0m [1;30mINFO[0m Creating environment hook 'C:\Users\almed\Desktop\HTL\4BHME\Robotik\ws_robu-main\install\share\robu\hook\pythonpath.ps1'
[7.578s] [34mcolcon.colcon_core.shell[0m [1;30mINFO[0m Creating environment hook 'C:\Users\almed\Desktop\HTL\4BHME\Robotik\ws_robu-main\install\share\robu\hook\pythonpath.bat'
[7.580s] [34mcolcon.colcon_core.shell[0m [1;30mINFO[0m Creating environment descriptor 'C:\Users\almed\Desktop\HTL\4BHME\Robotik\ws_robu-main\install\share\robu\hook\pythonpath.dsv'
[7.581s] [34mcolcon.colcon_core.environment[0m [1;30mLevel 1[0m checking 'C:\Users\almed\Desktop\HTL\4BHME\Robotik\ws_robu-main\install\Scripts'
[7.581s] [34mcolcon.colcon_core.environment[0m [1;30mLevel 1[0m create_environment_scripts_only(robu)
[7.588s] [34mcolcon.colcon_core.shell[0m [1;30mINFO[0m Creating package script 'C:\Users\almed\Desktop\HTL\4BHME\Robotik\ws_robu-main\install\share\robu\package.ps1'
[7.597s] [34mcolcon.colcon_core.shell[0m [1;30mINFO[0m Creating package script 'C:\Users\almed\Desktop\HTL\4BHME\Robotik\ws_robu-main\install\share\robu\package.bat'
[7.608s] [34mcolcon.colcon_core.shell[0m [1;30mINFO[0m Creating package descriptor 'C:\Users\almed\Desktop\HTL\4BHME\Robotik\ws_robu-main\install\share\robu\package.dsv'
[7.613s] [34mcolcon.colcon_core.environment[0m [1;30mLevel 1[0m create_file_with_runtime_dependencies(C:\Users\almed\Desktop\HTL\4BHME\Robotik\ws_robu-main\install\share\colcon-core\packages\robu)
[7.614s] [34mcolcon.colcon_parallel_executor.executor.parallel[0m [1;30mDEBUG[0m [32mrun_until_complete finished with '0'[0m
[7.614s] [34mcolcon.colcon_core.event_reactor[0m [1;30mDEBUG[0m [32mjoining thread[0m
[7.635s] [34mcolcon.colcon_core.plugin_system[0m [1;30mINFO[0m Skipping extension 'colcon_notification.desktop_notification.notify2': 'notify2' not found
[7.636s] [34mcolcon.colcon_core.plugin_system[0m [1;30mINFO[0m Skipping extension 'colcon_notification.desktop_notification.notify_send': Not used on non-Linux systems
[7.636s] [34mcolcon.colcon_core.plugin_system[0m [1;30mINFO[0m Skipping extension 'colcon_notification.desktop_notification.terminal_notifier': Not used on non-Darwin systems
[7.636s] [34mcolcon.colcon_notification.desktop_notification[0m [1;30mINFO[0m Sending desktop notification using 'win32'
[12.786s] [34mcolcon.colcon_core.event_reactor[0m [1;30mDEBUG[0m [32mjoined thread[0m
[12.792s] [34mcolcon.colcon_core.shell[0m [1;30mINFO[0m Creating prefix script 'C:\Users\almed\Desktop\HTL\4BHME\Robotik\ws_robu-main\install\local_setup.ps1'
[12.803s] [34mcolcon.colcon_core.shell[0m [1;30mINFO[0m Creating prefix util module 'C:\Users\almed\Desktop\HTL\4BHME\Robotik\ws_robu-main\install\_local_setup_util_ps1.py'
[12.815s] [34mcolcon.colcon_core.shell[0m [1;30mINFO[0m Creating prefix chain script 'C:\Users\almed\Desktop\HTL\4BHME\Robotik\ws_robu-main\install\setup.ps1'
[12.830s] [34mcolcon.colcon_core.shell[0m [1;30mINFO[0m Creating prefix script 'C:\Users\almed\Desktop\HTL\4BHME\Robotik\ws_robu-main\install\local_setup.bat'
[12.859s] [34mcolcon.colcon_core.shell[0m [1;30mINFO[0m Creating prefix util module 'C:\Users\almed\Desktop\HTL\4BHME\Robotik\ws_robu-main\install\_local_setup_util_bat.py'
[12.861s] [34mcolcon.colcon_core.shell[0m [1;30mINFO[0m Creating prefix chain script 'C:\Users\almed\Desktop\HTL\4BHME\Robotik\ws_robu-main\install\setup.bat'
