[0.000000] (-) TimerEvent: {}
[0.000000] (robu) JobQueued: {'identifier': 'robu', 'dependencies': OrderedDict()}
[0.000000] (robu) JobStarted: {'identifier': 'robu'}
[0.125000] (-) TimerEvent: {}
[0.235000] (-) TimerEvent: {}
[0.344000] (-) TimerEvent: {}
[0.453000] (-) TimerEvent: {}
[0.563000] (-) TimerEvent: {}
[0.672000] (-) TimerEvent: {}
[0.781000] (-) TimerEvent: {}
[0.891000] (-) TimerEvent: {}
[1.000000] (-) TimerEvent: {}
[1.110000] (-) TimerEvent: {}
[1.219000] (-) TimerEvent: {}
[1.328000] (-) TimerEvent: {}
[1.438000] (-) TimerEvent: {}
[1.547000] (-) TimerEvent: {}
[1.656000] (-) TimerEvent: {}
[1.766000] (-) TimerEvent: {}
[1.875000] (-) TimerEvent: {}
[1.985000] (-) TimerEvent: {}
[2.094000] (-) TimerEvent: {}
[2.219000] (-) TimerEvent: {}
[2.328000] (-) TimerEvent: {}
[2.438000] (-) TimerEvent: {}
[2.547000] (-) TimerEvent: {}
[2.656000] (-) TimerEvent: {}
[2.766000] (-) TimerEvent: {}
[2.875000] (-) TimerEvent: {}
[2.985000] (-) TimerEvent: {}
[3.000000] (robu) Command: {'cmd': ['c:\\python38\\python.exe', 'setup.py', 'develop', '--editable', '--build-directory', 'C:\\Users\\almed\\Downloads\\ws_robu-main (1)\\ws_robu-main\\build\\robu\\build', '--no-deps', 'install_data'], 'cwd': 'C:\\Users\\almed\\Downloads\\ws_robu-main (1)\\ws_robu-main\\build\\robu', 'env': {'ALLUSERSPROFILE': 'C:\\ProgramData', 'AMENT_PREFIX_PATH': 'c:\\dev\\ros2_humble', 'APPDATA': 'C:\\Users\\almed\\AppData\\Roaming', 'BR_TG_PATH': 'C:\\BrAutomation\\AsTools\\Technology Guarding', 'ChocolateyInstall': 'C:\\ProgramData\\chocolatey', 'ChocolateyLastPathUpdate': '133191581244378056', 'CMAKE_PREFIX_PATH': 'c:\\dev\\ros2_humble', 'COLCON': '1', 'COLCON_PREFIX_PATH': 'c:\\dev\\ros2_humble\\', 'CommandPromptType': 'Native', 'CommonProgramFiles': 'C:\\Program Files\\Common Files', 'CommonProgramFiles(x86)': 'C:\\Program Files (x86)\\Common Files', 'CommonProgramW6432': 'C:\\Program Files\\Common Files', 'COMPUTERNAME': 'HP-ENVY-X360', 'ComSpec': 'C:\\WINDOWS\\system32\\cmd.exe', 'DevEnvDir': 'C:\\Program Files (x86)\\Microsoft Visual Studio\\2019\\Community\\Common7\\IDE\\', 'DriverData': 'C:\\Windows\\System32\\Drivers\\DriverData', 'ExtensionSdkDir': 'C:\\Program Files (x86)\\Microsoft SDKs\\Windows Kits\\10\\ExtensionSDKs', 'Framework40Version': 'v4.0', 'FrameworkDir': 'C:\\Windows\\Microsoft.NET\\Framework\\', 'FrameworkDir32': 'C:\\Windows\\Microsoft.NET\\Framework\\', 'FrameworkVersion': 'v4.0.30319', 'FrameworkVersion32': 'v4.0.30319', 'HOMEDRIVE': 'C:', 'HOMEPATH': '\\Users\\almed', 'INCLUDE': 'C:\\Program Files (x86)\\Microsoft Visual Studio\\2019\\Community\\VC\\Tools\\MSVC\\14.29.30133\\ATLMFC\\include;C:\\Program Files (x86)\\Microsoft Visual Studio\\2019\\Community\\VC\\Tools\\MSVC\\14.29.30133\\include;C:\\Program Files (x86)\\Windows Kits\\10\\include\\10.0.19041.0\\ucrt;C:\\Program Files (x86)\\Windows Kits\\10\\include\\10.0.19041.0\\shared;C:\\Program Files (x86)\\Windows Kits\\10\\include\\10.0.19041.0\\um;C:\\Program Files (x86)\\Windows Kits\\10\\include\\10.0.19041.0\\winrt;C:\\Program Files (x86)\\Windows Kits\\10\\include\\10.0.19041.0\\cppwinrt', 'LIB': 'C:\\Program Files (x86)\\Microsoft Visual Studio\\2019\\Community\\VC\\Tools\\MSVC\\14.29.30133\\ATLMFC\\lib\\x86;C:\\Program Files (x86)\\Microsoft Visual Studio\\2019\\Community\\VC\\Tools\\MSVC\\14.29.30133\\lib\\x86;C:\\Program Files (x86)\\Windows Kits\\10\\lib\\10.0.19041.0\\ucrt\\x86;C:\\Program Files (x86)\\Windows Kits\\10\\lib\\10.0.19041.0\\um\\x86', 'LIBPATH': 'C:\\Program Files (x86)\\Microsoft Visual Studio\\2019\\Community\\VC\\Tools\\MSVC\\14.29.30133\\ATLMFC\\lib\\x86;C:\\Program Files (x86)\\Microsoft Visual Studio\\2019\\Community\\VC\\Tools\\MSVC\\14.29.30133\\lib\\x86;C:\\Program Files (x86)\\Microsoft Visual Studio\\2019\\Community\\VC\\Tools\\MSVC\\14.29.30133\\lib\\x86\\store\\references;C:\\Program Files (x86)\\Windows Kits\\10\\UnionMetadata\\10.0.19041.0;C:\\Program Files (x86)\\Windows Kits\\10\\References\\10.0.19041.0;C:\\Windows\\Microsoft.NET\\Framework\\v4.0.30319', 'LOCALAPPDATA': 'C:\\Users\\almed\\AppData\\Local', 'LOGONSERVER': '\\\\HP-ENVY-X360', 'NUMBER_OF_PROCESSORS': '8', 'OMP_NUM_THREADS': '8', 'OneDrive': 'C:\\Users\\almed\\OneDrive', 'OnlineServices': 'Online Services', 'OpenCV_DIR': 'C:\\opencv', 'OPENSSL_CONF': 'C:\\Program Files\\OpenSSL-Win64\\bin\\openssl.cfg', 'OS': 'Windows_NT', 'Path': 'c:\\dev\\ros2_humble\\opt\\yaml_cpp_vendor\\bin;c:\\dev\\ros2_humble\\opt\\rviz_ogre_vendor\\bin;c:\\dev\\ros2_humble\\opt\\rviz_assimp_vendor\\bin;c:\\dev\\ros2_humble\\opt\\libcurl_vendor\\bin;c:\\dev\\ros2_humble\\Scripts;c:\\dev\\ros2_humble\\bin;C:\\Program Files (x86)\\Microsoft Visual Studio\\2019\\Community\\Common7\\IDE\\\\Extensions\\Microsoft\\IntelliCode\\CLI;C:\\Program Files (x86)\\Microsoft Visual Studio\\2019\\Community\\VC\\Tools\\MSVC\\14.29.30133\\bin\\HostX86\\x86;C:\\Program Files (x86)\\Microsoft Visual Studio\\2019\\Community\\Common7\\IDE\\VC\\VCPackages;C:\\Program Files (x86)\\Microsoft Visual Studio\\2019\\Community\\Common7\\IDE\\CommonExtensions\\Microsoft\\TestWindow;C:\\Program Files (x86)\\Microsoft Visual Studio\\2019\\Community\\Common7\\IDE\\CommonExtensions\\Microsoft\\TeamFoundation\\Team Explorer;C:\\Program Files (x86)\\Microsoft Visual Studio\\2019\\Community\\MSBuild\\Current\\bin\\Roslyn;C:\\Program Files (x86)\\Microsoft Visual Studio\\2019\\Community\\Team Tools\\Performance Tools;C:\\Program Files (x86)\\Microsoft Visual Studio\\Shared\\Common\\VSPerfCollectionTools\\vs2019\\;C:\\Program Files (x86)\\Microsoft Visual Studio\\2019\\Community\\Common7\\Tools\\devinit;C:\\Program Files (x86)\\Windows Kits\\10\\bin\\10.0.19041.0\\x86;C:\\Program Files (x86)\\Windows Kits\\10\\bin\\x86;C:\\Program Files (x86)\\Microsoft Visual Studio\\2019\\Community\\\\MSBuild\\Current\\Bin;C:\\Windows\\Microsoft.NET\\Framework\\v4.0.30319;C:\\Program Files (x86)\\Microsoft Visual Studio\\2019\\Community\\Common7\\IDE\\;C:\\Program Files (x86)\\Microsoft Visual Studio\\2019\\Community\\Common7\\Tools\\;C:\\Python38\\Scripts\\;C:\\Python38\\;C:\\Program Files\\Common Files\\Oracle\\Java\\javapath;C:\\windows\\system32;C:\\windows;C:\\windows\\System32\\Wbem;C:\\windows\\System32\\WindowsPowerShell\\v1.0\\;C:\\windows\\System32\\OpenSSH\\;C:\\Program Files (x86)\\NVIDIA Corporation\\PhysX\\Common;C:\\Program Files\\NVIDIA Corporation\\NVIDIA NvDLISR;C:\\Program Files\\Microsoft SQL Server\\120\\Tools\\Binn\\;C:\\WINDOWS\\system32;C:\\WINDOWS;C:\\WINDOWS\\System32\\Wbem;C:\\WINDOWS\\System32\\WindowsPowerShell\\v1.0\\;C:\\WINDOWS\\System32\\OpenSSH\\;C:\\Program Files\\dotnet\\;C:\\Program Files\\WireGuard\\;C:\\ProgramData\\chocolatey\\bin;C:\\Program Files\\OpenSSL-Win64\\bin;C:\\opencv\\x64\\vc16\\bin;C:\\Program Files\\CMake\\bin;C:\\ProgramData\\chocolatey\\lib\\cunit\\lib;C:\\ProgramData\\chocolatey\\lib\\tinyxml2\\lib;C:\\ProgramData\\chocolatey\\lib\\bullet\\lib;C:\\Program Files\\Git\\cmd;C:\\Users\\almed\\AppData\\Local\\Microsoft\\WindowsApps;C:\\Program Files (x86)\\Common Files\\Hilscher GmbH\\TLRDecode;C:\\Users\\almed\\AppData\\Local\\Programs\\Microsoft VS Code\\bin', 'PATHEXT': '.COM;.EXE;.BAT;.CMD;.VBS;.VBE;.JS;.JSE;.WSF;.WSH;.MSC;.PY;.PYW', 'PKG_CONFIG_PATH': 'c:\\dev\\ros2_humble\\lib\\pkgconfig', 'platformcode': 'M8', 'PROCESSOR_ARCHITECTURE': 'AMD64', 'PROCESSOR_IDENTIFIER': 'Intel64 Family 6 Model 140 Stepping 1, GenuineIntel', 'PROCESSOR_LEVEL': '6', 'PROCESSOR_REVISION': '8c01', 'ProgramData': 'C:\\ProgramData', 'ProgramFiles': 'C:\\Program Files', 'ProgramFiles(x86)': 'C:\\Program Files (x86)', 'ProgramW6432': 'C:\\Program Files', 'PROMPT': '$P$G', 'PSModulePath': 'C:\\Program Files\\WindowsPowerShell\\Modules;C:\\WINDOWS\\system32\\WindowsPowerShell\\v1.0\\Modules', 'PUBLIC': 'C:\\Users\\Public', 'PYTHONPATH': 'C:\\Users\\almed\\Downloads\\ws_robu-main (1)\\ws_robu-main\\build\\robu\\prefix_override;C:\\Users\\almed\\Downloads\\ws_robu-main (1)\\ws_robu-main\\install\\Lib\\site-packages;C:\\ci\\ws\\install\\lib\\python3.8\\dist-packages;c:\\dev\\ros2_humble\\Lib\\site-packages', 'PYTHONWARNINGS': 'ignore:::setuptools.command.install,ignore:::setuptools.command.easy_install,ignore:::pkg_resources', 'Qt5_DIR': 'C:\\Qt\\Qt5.12.12\\5.12.12\\msvc2017_64', 'QT_QPA_PLATFORM_PLUGIN_PATH': 'C:\\Qt\\Qt5.12.12\\5.12.12\\msvc2017_64\\plugins\\platforms', 'RegionCode': 'EMEA', 'ROS_DISTRO': 'humble', 'ROS_LOCALHOST_ONLY': '0', 'ROS_PYTHON_VERSION': '3', 'ROS_VERSION': '2', 'SystemDrive': 'C:', 'SystemRoot': 'C:\\WINDOWS', 'TEMP': 'C:\\Users\\almed\\AppData\\Local\\Temp', 'TMP': 'C:\\Users\\almed\\AppData\\Local\\Temp', 'UCRTVersion': '10.0.19041.0', 'UniversalCRTSdkDir': 'C:\\Program Files (x86)\\Windows Kits\\10\\', 'USERDOMAIN': 'HP-ENVY-X360', 'USERDOMAIN_ROAMINGPROFILE': 'HP-ENVY-X360', 'USERNAME': 'almed', 'USERPROFILE': 'C:\\Users\\almed', 'VCIDEInstallDir': 'C:\\Program Files (x86)\\Microsoft Visual Studio\\2019\\Community\\Common7\\IDE\\VC\\', 'VCINSTALLDIR': 'C:\\Program Files (x86)\\Microsoft Visual Studio\\2019\\Community\\VC\\', 'VCToolsInstallDir': 'C:\\Program Files (x86)\\Microsoft Visual Studio\\2019\\Community\\VC\\Tools\\MSVC\\14.29.30133\\', 'VCToolsRedistDir': 'C:\\Program Files (x86)\\Microsoft Visual Studio\\2019\\Community\\VC\\Redist\\MSVC\\14.29.30133\\', 'VCToolsVersion': '14.29.30133', 'VisualStudioVersion': '16.0', 'VS160COMNTOOLS': 'C:\\Program Files (x86)\\Microsoft Visual Studio\\2019\\Community\\Common7\\Tools\\', 'VSCMD_ARG_app_plat': 'Desktop', 'VSCMD_ARG_HOST_ARCH': 'x86', 'VSCMD_ARG_TGT_ARCH': 'x86', 'VSCMD_VER': '16.11.23', 'VSINSTALLDIR': 'C:\\Program Files (x86)\\Microsoft Visual Studio\\2019\\Community\\', 'windir': 'C:\\WINDOWS', 'WindowsLibPath': 'C:\\Program Files (x86)\\Windows Kits\\10\\UnionMetadata\\10.0.19041.0;C:\\Program Files (x86)\\Windows Kits\\10\\References\\10.0.19041.0', 'WindowsSdkBinPath': 'C:\\Program Files (x86)\\Windows Kits\\10\\bin\\', 'WindowsSdkDir': 'C:\\Program Files (x86)\\Windows Kits\\10\\', 'WindowsSDKLibVersion': '10.0.19041.0\\', 'WindowsSdkVerBinPath': 'C:\\Program Files (x86)\\Windows Kits\\10\\bin\\10.0.19041.0\\', 'WindowsSDKVersion': '10.0.19041.0\\', 'ZES_ENABLE_SYSMAN': '1', '__devinit_path': 'C:\\Program Files (x86)\\Microsoft Visual Studio\\2019\\Community\\Common7\\Tools\\devinit\\devinit.exe', '__DOTNET_ADD_32BIT': '1', '__DOTNET_PREFERRED_BITNESS': '32', '__VSCMD_PREINIT_PATH': 'C:\\Python38\\Scripts\\;C:\\Python38\\;C:\\Program Files\\Common Files\\Oracle\\Java\\javapath;C:\\windows\\system32;C:\\windows;C:\\windows\\System32\\Wbem;C:\\windows\\System32\\WindowsPowerShell\\v1.0\\;C:\\windows\\System32\\OpenSSH\\;C:\\Program Files (x86)\\NVIDIA Corporation\\PhysX\\Common;C:\\Program Files\\NVIDIA Corporation\\NVIDIA NvDLISR;C:\\Program Files\\Microsoft SQL Server\\120\\Tools\\Binn\\;C:\\WINDOWS\\system32;C:\\WINDOWS;C:\\WINDOWS\\System32\\Wbem;C:\\WINDOWS\\System32\\WindowsPowerShell\\v1.0\\;C:\\WINDOWS\\System32\\OpenSSH\\;C:\\Program Files\\dotnet\\;C:\\Program Files\\WireGuard\\;C:\\ProgramData\\chocolatey\\bin;C:\\Program Files\\OpenSSL-Win64\\bin;C:\\opencv\\x64\\vc16\\bin;C:\\Program Files\\CMake\\bin;C:\\ProgramData\\chocolatey\\lib\\cunit\\lib;C:\\ProgramData\\chocolatey\\lib\\tinyxml2\\lib;C:\\ProgramData\\chocolatey\\lib\\bullet\\lib;C:\\Program Files\\Git\\cmd;C:\\Users\\almed\\AppData\\Local\\Microsoft\\WindowsApps;C:\\Program Files (x86)\\Common Files\\Hilscher GmbH\\TLRDecode;C:\\Users\\almed\\AppData\\Local\\Programs\\Microsoft VS Code\\bin', '__VSCMD_script_err_count': '0'}, 'shell': False}
[3.094000] (-) TimerEvent: {}
[3.203000] (-) TimerEvent: {}
[3.313000] (-) TimerEvent: {}
[3.422000] (-) TimerEvent: {}
[3.531000] (-) TimerEvent: {}
[3.625000] (robu) StdoutLine: {'line': b'running develop\r\n'}
[3.641000] (-) TimerEvent: {}
[3.750000] (-) TimerEvent: {}
[3.860000] (-) TimerEvent: {}
[3.938000] (robu) StdoutLine: {'line': b'running egg_info\r\n'}
[3.938000] (robu) StdoutLine: {'line': b'creating robu.egg-info\r\n'}
[3.938000] (robu) StdoutLine: {'line': b'writing robu.egg-info\\PKG-INFO\r\n'}
[3.938000] (robu) StdoutLine: {'line': b'writing dependency_links to robu.egg-info\\dependency_links.txt\r\n'}
[3.938000] (robu) StdoutLine: {'line': b'writing entry points to robu.egg-info\\entry_points.txt\r\n'}
[3.953000] (robu) StdoutLine: {'line': b'writing requirements to robu.egg-info\\requires.txt\r\n'}
[3.953000] (robu) StdoutLine: {'line': b'writing top-level names to robu.egg-info\\top_level.txt\r\n'}
[3.953000] (robu) StdoutLine: {'line': b"writing manifest file 'robu.egg-info\\SOURCES.txt'\r\n"}
[3.969000] (robu) StdoutLine: {'line': b"reading manifest file 'robu.egg-info\\SOURCES.txt'\r\n"}
[3.969000] (-) TimerEvent: {}
[3.969000] (robu) StdoutLine: {'line': b"writing manifest file 'robu.egg-info\\SOURCES.txt'\r\n"}
[4.000000] (robu) StdoutLine: {'line': b'running build_ext\r\n'}
[4.000000] (robu) StdoutLine: {'line': b'Creating C:\\Users\\almed\\Downloads\\ws_robu-main (1)\\ws_robu-main\\install\\Lib\\site-packages\\robu.egg-link (link to .)\r\n'}
[4.016000] (robu) StdoutLine: {'line': b'Installing camera-script.py script to C:\\Users\\almed\\Downloads\\ws_robu-main (1)\\ws_robu-main\\install/lib/robu\r\n'}
[4.031000] (robu) StdoutLine: {'line': b'Installing camera.exe script to C:\\Users\\almed\\Downloads\\ws_robu-main (1)\\ws_robu-main\\install/lib/robu\r\n'}
[4.031000] (robu) StdoutLine: {'line': b'Installing hellorobu-script.py script to C:\\Users\\almed\\Downloads\\ws_robu-main (1)\\ws_robu-main\\install/lib/robu\r\n'}
[4.031000] (robu) StdoutLine: {'line': b'Installing hellorobu.exe script to C:\\Users\\almed\\Downloads\\ws_robu-main (1)\\ws_robu-main\\install/lib/robu\r\n'}
[4.031000] (robu) StdoutLine: {'line': b'Installing oas-script.py script to C:\\Users\\almed\\Downloads\\ws_robu-main (1)\\ws_robu-main\\install/lib/robu\r\n'}
[4.031000] (robu) StdoutLine: {'line': b'Installing oas.exe script to C:\\Users\\almed\\Downloads\\ws_robu-main (1)\\ws_robu-main\\install/lib/robu\r\n'}
[4.031000] (robu) StdoutLine: {'line': b'Installing remotectrl-script.py script to C:\\Users\\almed\\Downloads\\ws_robu-main (1)\\ws_robu-main\\install/lib/robu\r\n'}
[4.031000] (robu) StdoutLine: {'line': b'Installing remotectrl.exe script to C:\\Users\\almed\\Downloads\\ws_robu-main (1)\\ws_robu-main\\install/lib/robu\r\n'}
[4.031000] (robu) StdoutLine: {'line': b'Installing remotectrl_listener-script.py script to C:\\Users\\almed\\Downloads\\ws_robu-main (1)\\ws_robu-main\\install/lib/robu\r\n'}
[4.047000] (robu) StdoutLine: {'line': b'Installing remotectrl_listener.exe script to C:\\Users\\almed\\Downloads\\ws_robu-main (1)\\ws_robu-main\\install/lib/robu\r\n'}
[4.047000] (robu) StdoutLine: {'line': b'Installing wiimotectrl-script.py script to C:\\Users\\almed\\Downloads\\ws_robu-main (1)\\ws_robu-main\\install/lib/robu\r\n'}
[4.047000] (robu) StdoutLine: {'line': b'Installing wiimotectrl.exe script to C:\\Users\\almed\\Downloads\\ws_robu-main (1)\\ws_robu-main\\install/lib/robu\r\n'}
[4.047000] (robu) StdoutLine: {'line': b'\r\n'}
[4.047000] (robu) StdoutLine: {'line': b'Installed c:\\users\\almed\\downloads\\ws_robu-main (1)\\ws_robu-main\\build\\robu\r\n'}
[4.047000] (robu) StdoutLine: {'line': b'running install_data\r\n'}
[4.047000] (robu) StdoutLine: {'line': b'creating C:\\Users\\almed\\Downloads\\ws_robu-main (1)\\ws_robu-main\\install\\share\\ament_index\r\n'}
[4.047000] (robu) StdoutLine: {'line': b'creating C:\\Users\\almed\\Downloads\\ws_robu-main (1)\\ws_robu-main\\install\\share\\ament_index\\resource_index\r\n'}
[4.047000] (robu) StdoutLine: {'line': b'creating C:\\Users\\almed\\Downloads\\ws_robu-main (1)\\ws_robu-main\\install\\share\\ament_index\\resource_index\\packages\r\n'}
[4.047000] (robu) StdoutLine: {'line': b'copying resource\\robu -> C:\\Users\\almed\\Downloads\\ws_robu-main (1)\\ws_robu-main\\install\\share\\ament_index\\resource_index\\packages\r\n'}
[4.047000] (robu) StdoutLine: {'line': b'copying package.xml -> C:\\Users\\almed\\Downloads\\ws_robu-main (1)\\ws_robu-main\\install\\share\\robu\r\n'}
[4.047000] (robu) StdoutLine: {'line': b'copying launch\\cartographer.launch.py -> C:\\Users\\almed\\Downloads\\ws_robu-main (1)\\ws_robu-main\\install\\share\\robu\r\n'}
[4.047000] (robu) StdoutLine: {'line': b'copying launch\\dod_nb_v1_launch.py -> C:\\Users\\almed\\Downloads\\ws_robu-main (1)\\ws_robu-main\\install\\share\\robu\r\n'}
[4.047000] (robu) StdoutLine: {'line': b'copying launch\\dod_nb_v2_launch.py -> C:\\Users\\almed\\Downloads\\ws_robu-main (1)\\ws_robu-main\\install\\share\\robu\r\n'}
[4.047000] (robu) StdoutLine: {'line': b'copying launch\\dod_nb_v3_launch.py -> C:\\Users\\almed\\Downloads\\ws_robu-main (1)\\ws_robu-main\\install\\share\\robu\r\n'}
[4.063000] (robu) StdoutLine: {'line': b'copying launch\\dod_tb_v1_launch.py -> C:\\Users\\almed\\Downloads\\ws_robu-main (1)\\ws_robu-main\\install\\share\\robu\r\n'}
[4.063000] (robu) StdoutLine: {'line': b'copying launch\\dod_tb_v2_launch.py -> C:\\Users\\almed\\Downloads\\ws_robu-main (1)\\ws_robu-main\\install\\share\\robu\r\n'}
[4.063000] (robu) StdoutLine: {'line': b'copying launch\\dod_tb_v3_launch.py -> C:\\Users\\almed\\Downloads\\ws_robu-main (1)\\ws_robu-main\\install\\share\\robu\r\n'}
[4.063000] (robu) StdoutLine: {'line': b'copying launch\\ex04_obstacle_avoidance_simple_launch.py -> C:\\Users\\almed\\Downloads\\ws_robu-main (1)\\ws_robu-main\\install\\share\\robu\r\n'}
[4.063000] (robu) StdoutLine: {'line': b'copying launch\\ex05_mapping_rm_launch.py -> C:\\Users\\almed\\Downloads\\ws_robu-main (1)\\ws_robu-main\\install\\share\\robu\r\n'}
[4.063000] (robu) StdoutLine: {'line': b'copying launch\\ex05_mapping_tb_launch.py -> C:\\Users\\almed\\Downloads\\ws_robu-main (1)\\ws_robu-main\\install\\share\\robu\r\n'}
[4.063000] (robu) StdoutLine: {'line': b'copying launch\\occupancy_grid.launch.py -> C:\\Users\\almed\\Downloads\\ws_robu-main (1)\\ws_robu-main\\install\\share\\robu\r\n'}
[4.063000] (robu) StdoutLine: {'line': b'creating C:\\Users\\almed\\Downloads\\ws_robu-main (1)\\ws_robu-main\\install\\share\\robu\\rviz\r\n'}
[4.063000] (robu) StdoutLine: {'line': b'copying rviz\\tb3_cartographer.rviz -> C:\\Users\\almed\\Downloads\\ws_robu-main (1)\\ws_robu-main\\install\\share\\robu\\rviz\r\n'}
[4.078000] (robu) StdoutLine: {'line': b'creating C:\\Users\\almed\\Downloads\\ws_robu-main (1)\\ws_robu-main\\install\\share\\robu\\config\r\n'}
[4.078000] (-) TimerEvent: {}
[4.078000] (robu) StdoutLine: {'line': b'copying config\\turtlebot3_lds_2d.lua -> C:\\Users\\almed\\Downloads\\ws_robu-main (1)\\ws_robu-main\\install\\share\\robu\\config\r\n'}
[4.125000] (robu) CommandEnded: {'returncode': 0}
[4.188000] (-) TimerEvent: {}
[4.219000] (robu) JobEnded: {'identifier': 'robu', 'rc': 0}
[4.219000] (-) EventReactorShutdown: {}
