[0.986s] [34mcolcon[0m [1;30mDEBUG[0m [32mCommand line arguments: ['C:\\Python38\\Scripts\\colcon', 'build', '--symlink-install', '--merge-install', '--packages-select', 'robu'][0m
[0.987s] [34mcolcon[0m [1;30mDEBUG[0m [32mParsed command line arguments: Namespace(ament_cmake_args=None, base_paths=['.'], build_base='build', catkin_cmake_args=None, catkin_skip_building_tests=False, cmake_args=None, cmake_clean_cache=False, cmake_clean_first=False, cmake_force_configure=False, cmake_target=None, cmake_target_skip_unavailable=False, continue_on_error=False, event_handlers=None, executor='parallel', ignore_user_meta=False, install_base='install', log_base=None, log_level=None, main=<bound method BuildVerb.main of <colcon_core.verb.build.BuildVerb object at 0x000001E3BB91D730>>, merge_install=True, metas=['./colcon.meta'], packages_above=None, packages_above_and_dependencies=None, packages_above_depth=None, packages_end=None, packages_ignore=None, packages_ignore_regex=None, packages_select=['robu'], packages_select_build_failed=False, packages_select_by_dep=None, packages_select_regex=None, packages_select_test_failures=False, packages_skip=None, packages_skip_build_finished=False, packages_skip_by_dep=None, packages_skip_regex=None, packages_skip_test_passed=False, packages_skip_up_to=None, packages_start=None, packages_up_to=None, packages_up_to_regex=None, parallel_workers=8, paths=None, symlink_install=True, test_result_base=None, verb_extension=<colcon_core.verb.build.BuildVerb object at 0x000001E3BB91D730>, verb_name='build', verb_parser=<colcon_defaults.argument_parser.defaults.DefaultArgumentsDecorator object at 0x000001E3BBD44340>)[0m
[1.092s] [34mcolcon.colcon_core.package_discovery[0m [1;30mLevel 1[0m discover_packages(colcon_meta) check parameters
[1.092s] [34mcolcon.colcon_core.package_discovery[0m [1;30mLevel 1[0m discover_packages(recursive) check parameters
[1.092s] [34mcolcon.colcon_core.package_discovery[0m [1;30mLevel 1[0m discover_packages(ignore) check parameters
[1.092s] [34mcolcon.colcon_core.package_discovery[0m [1;30mLevel 1[0m discover_packages(path) check parameters
[1.092s] [34mcolcon.colcon_core.package_discovery[0m [1;30mLevel 1[0m discover_packages(colcon_meta) discover
[1.093s] [34mcolcon.colcon_core.package_discovery[0m [1;30mLevel 1[0m discover_packages(recursive) discover
[1.093s] [34mcolcon.colcon_core.package_discovery[0m [1;30mINFO[0m Crawling recursively for packages in 'C:\Users\almed\Downloads\ws_robu-main (1)\ws_robu-main'
[1.093s] [34mcolcon.colcon_core.package_identification[0m [1;30mLevel 1[0m _identify(.) by extensions ['ignore', 'ignore_ament_install']
[1.094s] [34mcolcon.colcon_core.package_identification[0m [1;30mLevel 1[0m _identify(.) by extension 'ignore'
[1.094s] [34mcolcon.colcon_core.package_identification[0m [1;30mLevel 1[0m _identify(.) by extension 'ignore_ament_install'
[1.094s] [34mcolcon.colcon_core.package_identification[0m [1;30mLevel 1[0m _identify(.) by extensions ['colcon_pkg']
[1.094s] [34mcolcon.colcon_core.package_identification[0m [1;30mLevel 1[0m _identify(.) by extension 'colcon_pkg'
[1.094s] [34mcolcon.colcon_core.package_identification[0m [1;30mLevel 1[0m _identify(.) by extensions ['colcon_meta']
[1.094s] [34mcolcon.colcon_core.package_identification[0m [1;30mLevel 1[0m _identify(.) by extension 'colcon_meta'
[1.095s] [34mcolcon.colcon_core.package_identification[0m [1;30mLevel 1[0m _identify(.) by extensions ['ros']
[1.095s] [34mcolcon.colcon_core.package_identification[0m [1;30mLevel 1[0m _identify(.) by extension 'ros'
[1.118s] [34mcolcon.colcon_core.package_identification[0m [1;30mLevel 1[0m _identify(.) by extensions ['cmake', 'python']
[1.119s] [34mcolcon.colcon_core.package_identification[0m [1;30mLevel 1[0m _identify(.) by extension 'cmake'
[1.119s] [34mcolcon.colcon_core.package_identification[0m [1;30mLevel 1[0m _identify(.) by extension 'python'
[1.119s] [34mcolcon.colcon_core.package_identification[0m [1;30mLevel 1[0m _identify(.) by extensions ['python_setup_py']
[1.119s] [34mcolcon.colcon_core.package_identification[0m [1;30mLevel 1[0m _identify(.) by extension 'python_setup_py'
[1.120s] [34mcolcon.colcon_core.package_identification[0m [1;30mLevel 1[0m _identify(build) by extensions ['ignore', 'ignore_ament_install']
[1.120s] [34mcolcon.colcon_core.package_identification[0m [1;30mLevel 1[0m _identify(build) by extension 'ignore'
[1.120s] [34mcolcon.colcon_core.package_identification[0m [1;30mLevel 1[0m _identify(build) ignored
[1.121s] [34mcolcon.colcon_core.package_identification[0m [1;30mLevel 1[0m _identify(install) by extensions ['ignore', 'ignore_ament_install']
[1.121s] [34mcolcon.colcon_core.package_identification[0m [1;30mLevel 1[0m _identify(install) by extension 'ignore'
[1.121s] [34mcolcon.colcon_core.package_identification[0m [1;30mLevel 1[0m _identify(install) ignored
[1.123s] [34mcolcon.colcon_core.package_identification[0m [1;30mLevel 1[0m _identify(log) by extensions ['ignore', 'ignore_ament_install']
[1.123s] [34mcolcon.colcon_core.package_identification[0m [1;30mLevel 1[0m _identify(log) by extension 'ignore'
[1.123s] [34mcolcon.colcon_core.package_identification[0m [1;30mLevel 1[0m _identify(log) ignored
[1.124s] [34mcolcon.colcon_core.package_identification[0m [1;30mLevel 1[0m _identify(src) by extensions ['ignore', 'ignore_ament_install']
[1.124s] [34mcolcon.colcon_core.package_identification[0m [1;30mLevel 1[0m _identify(src) by extension 'ignore'
[1.124s] [34mcolcon.colcon_core.package_identification[0m [1;30mLevel 1[0m _identify(src) by extension 'ignore_ament_install'
[1.124s] [34mcolcon.colcon_core.package_identification[0m [1;30mLevel 1[0m _identify(src) by extensions ['colcon_pkg']
[1.125s] [34mcolcon.colcon_core.package_identification[0m [1;30mLevel 1[0m _identify(src) by extension 'colcon_pkg'
[1.125s] [34mcolcon.colcon_core.package_identification[0m [1;30mLevel 1[0m _identify(src) by extensions ['colcon_meta']
[1.125s] [34mcolcon.colcon_core.package_identification[0m [1;30mLevel 1[0m _identify(src) by extension 'colcon_meta'
[1.125s] [34mcolcon.colcon_core.package_identification[0m [1;30mLevel 1[0m _identify(src) by extensions ['ros']
[1.125s] [34mcolcon.colcon_core.package_identification[0m [1;30mLevel 1[0m _identify(src) by extension 'ros'
[1.125s] [34mcolcon.colcon_core.package_identification[0m [1;30mLevel 1[0m _identify(src) by extensions ['cmake', 'python']
[1.125s] [34mcolcon.colcon_core.package_identification[0m [1;30mLevel 1[0m _identify(src) by extension 'cmake'
[1.126s] [34mcolcon.colcon_core.package_identification[0m [1;30mLevel 1[0m _identify(src) by extension 'python'
[1.126s] [34mcolcon.colcon_core.package_identification[0m [1;30mLevel 1[0m _identify(src) by extensions ['python_setup_py']
[1.126s] [34mcolcon.colcon_core.package_identification[0m [1;30mLevel 1[0m _identify(src) by extension 'python_setup_py'
[1.127s] [34mcolcon.colcon_core.package_identification[0m [1;30mLevel 1[0m _identify(src\robu) by extensions ['ignore', 'ignore_ament_install']
[1.127s] [34mcolcon.colcon_core.package_identification[0m [1;30mLevel 1[0m _identify(src\robu) by extension 'ignore'
[1.127s] [34mcolcon.colcon_core.package_identification[0m [1;30mLevel 1[0m _identify(src\robu) by extension 'ignore_ament_install'
[1.127s] [34mcolcon.colcon_core.package_identification[0m [1;30mLevel 1[0m _identify(src\robu) by extensions ['colcon_pkg']
[1.127s] [34mcolcon.colcon_core.package_identification[0m [1;30mLevel 1[0m _identify(src\robu) by extension 'colcon_pkg'
[1.128s] [34mcolcon.colcon_core.package_identification[0m [1;30mLevel 1[0m _identify(src\robu) by extensions ['colcon_meta']
[1.128s] [34mcolcon.colcon_core.package_identification[0m [1;30mLevel 1[0m _identify(src\robu) by extension 'colcon_meta'
[1.128s] [34mcolcon.colcon_core.package_identification[0m [1;30mLevel 1[0m _identify(src\robu) by extensions ['ros']
[1.128s] [34mcolcon.colcon_core.package_identification[0m [1;30mLevel 1[0m _identify(src\robu) by extension 'ros'
[1.135s] [34mcolcon.colcon_core.package_identification[0m [1;30mDEBUG[0m [32mPackage 'src\robu' with type 'ros.ament_python' and name 'robu'[0m
[1.135s] [34mcolcon.colcon_core.package_discovery[0m [1;30mLevel 1[0m discover_packages(recursive) using defaults
[1.135s] [34mcolcon.colcon_core.package_discovery[0m [1;30mLevel 1[0m discover_packages(ignore) discover
[1.136s] [34mcolcon.colcon_core.package_discovery[0m [1;30mLevel 1[0m discover_packages(ignore) using defaults
[1.136s] [34mcolcon.colcon_core.package_discovery[0m [1;30mLevel 1[0m discover_packages(path) discover
[1.136s] [34mcolcon.colcon_core.package_discovery[0m [1;30mLevel 1[0m discover_packages(path) using defaults
[1.217s] [34mcolcon.colcon_core.verb[0m [1;30mLevel 5[0m set package 'robu' build argument 'cmake_args' from command line to 'None'
[1.217s] [34mcolcon.colcon_core.verb[0m [1;30mLevel 5[0m set package 'robu' build argument 'cmake_target' from command line to 'None'
[1.218s] [34mcolcon.colcon_core.verb[0m [1;30mLevel 5[0m set package 'robu' build argument 'cmake_target_skip_unavailable' from command line to 'False'
[1.218s] [34mcolcon.colcon_core.verb[0m [1;30mLevel 5[0m set package 'robu' build argument 'cmake_clean_cache' from command line to 'False'
[1.218s] [34mcolcon.colcon_core.verb[0m [1;30mLevel 5[0m set package 'robu' build argument 'cmake_clean_first' from command line to 'False'
[1.218s] [34mcolcon.colcon_core.verb[0m [1;30mLevel 5[0m set package 'robu' build argument 'cmake_force_configure' from command line to 'False'
[1.218s] [34mcolcon.colcon_core.verb[0m [1;30mLevel 5[0m set package 'robu' build argument 'ament_cmake_args' from command line to 'None'
[1.218s] [34mcolcon.colcon_core.verb[0m [1;30mLevel 5[0m set package 'robu' build argument 'catkin_cmake_args' from command line to 'None'
[1.218s] [34mcolcon.colcon_core.verb[0m [1;30mLevel 5[0m set package 'robu' build argument 'catkin_skip_building_tests' from command line to 'False'
[1.218s] [34mcolcon.colcon_core.verb[0m [1;30mDEBUG[0m [32mBuilding package 'robu' with the following arguments: {'ament_cmake_args': None, 'build_base': 'C:\\Users\\almed\\Downloads\\ws_robu-main (1)\\ws_robu-main\\build\\robu', 'catkin_cmake_args': None, 'catkin_skip_building_tests': False, 'cmake_args': None, 'cmake_clean_cache': False, 'cmake_clean_first': False, 'cmake_force_configure': False, 'cmake_target': None, 'cmake_target_skip_unavailable': False, 'install_base': 'C:\\Users\\almed\\Downloads\\ws_robu-main (1)\\ws_robu-main\\install', 'merge_install': True, 'path': 'C:\\Users\\almed\\Downloads\\ws_robu-main (1)\\ws_robu-main\\src\\robu', 'symlink_install': True, 'test_result_base': None}[0m
[1.221s] [34mcolcon.colcon_core.executor[0m [1;30mINFO[0m Executing jobs using 'parallel' executor
[1.253s] [34mcolcon.colcon_parallel_executor.executor.parallel[0m [1;30mDEBUG[0m [32mrun_until_complete[0m
[1.253s] [34mcolcon.colcon_ros.task.ament_python.build[0m [1;30mINFO[0m Building ROS package in 'C:\Users\almed\Downloads\ws_robu-main (1)\ws_robu-main\src\robu' with build type 'ament_python'
[1.253s] [34mcolcon.colcon_core.shell[0m [1;30mLevel 1[0m create_environment_hook('robu', 'ament_prefix_path')
[1.265s] [34mcolcon.colcon_core.plugin_system[0m [1;30mINFO[0m Skipping extension 'colcon_core.shell.sh': Not used on Windows systems
[1.265s] [34mcolcon.colcon_core.shell[0m [1;30mINFO[0m Creating environment hook 'C:\Users\almed\Downloads\ws_robu-main (1)\ws_robu-main\install\share\robu\hook\ament_prefix_path.ps1'
[1.266s] [34mcolcon.colcon_core.shell[0m [1;30mINFO[0m Creating environment hook 'C:\Users\almed\Downloads\ws_robu-main (1)\ws_robu-main\install\share\robu\hook\ament_prefix_path.bat'
[1.268s] [34mcolcon.colcon_core.shell[0m [1;30mINFO[0m Creating environment descriptor 'C:\Users\almed\Downloads\ws_robu-main (1)\ws_robu-main\install\share\robu\hook\ament_prefix_path.dsv'
[1.278s] [34mcolcon.colcon_core.shell[0m [1;30mINFO[0m Skip shell extension 'powershell' for command environment: Not usable outside of PowerShell
[2.153s] [34mcolcon.colcon_core.task.python.build[0m [1;30mINFO[0m Building Python package in 'C:\Users\almed\Downloads\ws_robu-main (1)\ws_robu-main\src\robu'
[2.161s] [34mcolcon.colcon_core.shell[0m [1;30mINFO[0m Skip shell extension 'powershell' for command environment: Not usable outside of PowerShell
[3.126s] [34mcolcon.colcon_core.event_handler.log_command[0m [1;30mDEBUG[0m [32mInvoking command in 'C:\Users\almed\Downloads\ws_robu-main (1)\ws_robu-main\build\robu': PYTHONPATH=C:\Users\almed\Downloads\ws_robu-main (1)\ws_robu-main\build\robu\prefix_override;C:\Users\almed\Downloads\ws_robu-main (1)\ws_robu-main\install\Lib\site-packages;%PYTHONPATH% c:\python38\python.exe setup.py develop --editable --build-directory C:\Users\almed\Downloads\ws_robu-main (1)\ws_robu-main\build\robu\build --no-deps install_data[0m
[4.215s] [34mcolcon.colcon_core.shell[0m [1;30mLevel 1[0m create_environment_hook('robu', 'pythonpath_develop')
[4.223s] [34mcolcon.colcon_core.shell[0m [1;30mINFO[0m Creating environment hook 'C:\Users\almed\Downloads\ws_robu-main (1)\ws_robu-main\build\robu\share\robu\hook\pythonpath_develop.ps1'
[4.224s] [34mcolcon.colcon_core.event_handler.log_command[0m [1;30mDEBUG[0m [32mInvoked command in 'C:\Users\almed\Downloads\ws_robu-main (1)\ws_robu-main\build\robu' returned '0': PYTHONPATH=C:\Users\almed\Downloads\ws_robu-main (1)\ws_robu-main\build\robu\prefix_override;C:\Users\almed\Downloads\ws_robu-main (1)\ws_robu-main\install\Lib\site-packages;%PYTHONPATH% c:\python38\python.exe setup.py develop --editable --build-directory C:\Users\almed\Downloads\ws_robu-main (1)\ws_robu-main\build\robu\build --no-deps install_data[0m
[4.225s] [34mcolcon.colcon_core.shell[0m [1;30mINFO[0m Creating environment hook 'C:\Users\almed\Downloads\ws_robu-main (1)\ws_robu-main\build\robu\share\robu\hook\pythonpath_develop.bat'
[4.228s] [34mcolcon.colcon_core.shell[0m [1;30mINFO[0m Creating environment descriptor 'C:\Users\almed\Downloads\ws_robu-main (1)\ws_robu-main\build\robu\share\robu\hook\pythonpath_develop.dsv'
[4.251s] [34mcolcon.colcon_core.environment[0m [1;30mLevel 1[0m checking 'C:\Users\almed\Downloads\ws_robu-main (1)\ws_robu-main\install' for CMake module files
[4.253s] [34mcolcon.colcon_core.environment[0m [1;30mLevel 1[0m checking 'C:\Users\almed\Downloads\ws_robu-main (1)\ws_robu-main\install' for CMake config files
[4.255s] [34mcolcon.colcon_core.environment[0m [1;30mLevel 1[0m checking 'C:\Users\almed\Downloads\ws_robu-main (1)\ws_robu-main\install\bin'
[4.255s] [34mcolcon.colcon_core.environment[0m [1;30mLevel 1[0m checking 'C:\Users\almed\Downloads\ws_robu-main (1)\ws_robu-main\install\bin'
[4.255s] [34mcolcon.colcon_core.environment[0m [1;30mLevel 1[0m checking 'C:\Users\almed\Downloads\ws_robu-main (1)\ws_robu-main\install\lib\pkgconfig\robu.pc'
[4.256s] [34mcolcon.colcon_core.environment[0m [1;30mLevel 1[0m checking 'C:\Users\almed\Downloads\ws_robu-main (1)\ws_robu-main\install\Lib\site-packages'
[4.256s] [34mcolcon.colcon_core.shell[0m [1;30mLevel 1[0m create_environment_hook('robu', 'pythonpath')
[4.264s] [34mcolcon.colcon_core.shell[0m [1;30mINFO[0m Creating environment hook 'C:\Users\almed\Downloads\ws_robu-main (1)\ws_robu-main\install\share\robu\hook\pythonpath.ps1'
[4.265s] [34mcolcon.colcon_core.shell[0m [1;30mINFO[0m Creating environment hook 'C:\Users\almed\Downloads\ws_robu-main (1)\ws_robu-main\install\share\robu\hook\pythonpath.bat'
[4.267s] [34mcolcon.colcon_core.shell[0m [1;30mINFO[0m Creating environment descriptor 'C:\Users\almed\Downloads\ws_robu-main (1)\ws_robu-main\install\share\robu\hook\pythonpath.dsv'
[4.269s] [34mcolcon.colcon_core.environment[0m [1;30mLevel 1[0m checking 'C:\Users\almed\Downloads\ws_robu-main (1)\ws_robu-main\install\Scripts'
[4.269s] [34mcolcon.colcon_core.environment[0m [1;30mLevel 1[0m create_environment_scripts_only(robu)
[4.275s] [34mcolcon.colcon_core.shell[0m [1;30mINFO[0m Creating package script 'C:\Users\almed\Downloads\ws_robu-main (1)\ws_robu-main\install\share\robu\package.ps1'
[4.279s] [34mcolcon.colcon_core.shell[0m [1;30mINFO[0m Creating package script 'C:\Users\almed\Downloads\ws_robu-main (1)\ws_robu-main\install\share\robu\package.bat'
[4.281s] [34mcolcon.colcon_core.shell[0m [1;30mINFO[0m Creating package descriptor 'C:\Users\almed\Downloads\ws_robu-main (1)\ws_robu-main\install\share\robu\package.dsv'
[4.283s] [34mcolcon.colcon_core.environment[0m [1;30mLevel 1[0m create_file_with_runtime_dependencies(C:\Users\almed\Downloads\ws_robu-main (1)\ws_robu-main\install\share\colcon-core\packages\robu)
[4.284s] [34mcolcon.colcon_parallel_executor.executor.parallel[0m [1;30mDEBUG[0m [32mrun_until_complete finished with '0'[0m
[4.284s] [34mcolcon.colcon_core.event_reactor[0m [1;30mDEBUG[0m [32mjoining thread[0m
[4.299s] [34mcolcon.colcon_core.plugin_system[0m [1;30mINFO[0m Skipping extension 'colcon_notification.desktop_notification.notify2': 'notify2' not found
[4.299s] [34mcolcon.colcon_core.plugin_system[0m [1;30mINFO[0m Skipping extension 'colcon_notification.desktop_notification.notify_send': Not used on non-Linux systems
[4.299s] [34mcolcon.colcon_core.plugin_system[0m [1;30mINFO[0m Skipping extension 'colcon_notification.desktop_notification.terminal_notifier': Not used on non-Darwin systems
[4.299s] [34mcolcon.colcon_notification.desktop_notification[0m [1;30mINFO[0m Sending desktop notification using 'win32'
[9.365s] [34mcolcon.colcon_core.event_reactor[0m [1;30mDEBUG[0m [32mjoined thread[0m
[9.373s] [34mcolcon.colcon_core.shell[0m [1;30mINFO[0m Creating prefix script 'C:\Users\almed\Downloads\ws_robu-main (1)\ws_robu-main\install\local_setup.ps1'
[9.374s] [34mcolcon.colcon_core.shell[0m [1;30mINFO[0m Creating prefix util module 'C:\Users\almed\Downloads\ws_robu-main (1)\ws_robu-main\install\_local_setup_util_ps1.py'
[9.378s] [34mcolcon.colcon_core.shell[0m [1;30mINFO[0m Creating prefix chain script 'C:\Users\almed\Downloads\ws_robu-main (1)\ws_robu-main\install\setup.ps1'
[9.389s] [34mcolcon.colcon_core.shell[0m [1;30mINFO[0m Creating prefix script 'C:\Users\almed\Downloads\ws_robu-main (1)\ws_robu-main\install\local_setup.bat'
[9.389s] [34mcolcon.colcon_core.shell[0m [1;30mINFO[0m Creating prefix util module 'C:\Users\almed\Downloads\ws_robu-main (1)\ws_robu-main\install\_local_setup_util_bat.py'
[9.391s] [34mcolcon.colcon_core.shell[0m [1;30mINFO[0m Creating prefix chain script 'C:\Users\almed\Downloads\ws_robu-main (1)\ws_robu-main\install\setup.bat'
